Info    2022-08-29 14:13:17:0409  DevID:MV-CA003-21UM(00C41021506)  Source-Line:MvCameraControl.dll(CInterfaceManager.cpp-L0859)  ProcessName:Shrimp Counting.exe(13208)     Description:[U3V Info]Speed[768], DeviceAddress[1], VendorName[Hikvision], ManufacturerInfo[Hikvision], DeviceVersion[V1.4.0 180502 159998], UserID[CHP]     Solution:
Info    2022-08-29 14:13:17:0409  DevID:MV-CA003-21UM(00C41021506)  Source-Line:MvCameraControl.dll(CInterfaceManager.cpp-L0949)  ProcessName:Shrimp Counting.exe(13208)     Description:CameraControl Dll, Path[C:\Users\Admin\Desktop\Hao Phuong Shrimp Counting CPU\BasicDemo\MVCameraControl.dll]     Solution:
Info    2022-08-29 14:13:17:0409  DevID:MV-CA003-21UM(00C41021506)  Source-Line:MvCameraControl.dll(CInterfaceManager.cpp-L0952)  ProcessName:Shrimp Counting.exe(13208)     Description:[MV_CC_CreateHandle]IsWriteLog[1], Ret[0x0]     Solution:
Info    2022-08-29 14:13:17:0409  DevID:MV-CA003-21UM(00C41021506)  Source-Line:MvCameraControl.dll(CInterfaceManager.cpp-L7691)  ProcessName:Shrimp Counting.exe(13208)     Description:CamCtrl[0x3050004], U3V SDKVersion[0x3050004], DriverVersion[0x1000001]     Solution:
Info    2022-08-29 14:13:17:0490  DevID:MV-CA003-21UM(00C41021506)  Source-Line:MvCameraControl.dll(CInterfaceManager.cpp-L3134)  ProcessName:Shrimp Counting.exe(13208)     Description:[GetGenICamXML]Get XML success!     Solution:
Info    2022-08-29 14:13:17:0558  DevID:MV-CA003-21UM(00C41021506)  Source-Line:MvCameraControl.dll(CInterfaceManager.cpp-L4938)  ProcessName:Shrimp Counting.exe(13208)     Description:[MV_CC_InvalidateNodes]Invalidate Nodes success     Solution:
Info    2022-08-29 14:13:17:0559  DevID:MV-CA003-21UM(00C41021506)  Source-Line:MvCameraControl.dll(CInterfaceManager.cpp-L1392)  ProcessName:Shrimp Counting.exe(13208)     Description:[MV_CC_OpenDevice]Open device success! PrivilegeMode[1], SwitchoverKey[0], DeviceUptime[9178]     Solution:
Info    2022-08-29 14:13:18:0156  DevID:MV-CA003-21UM(00C41021506)  Source-Line:MvCameraControl.dll(CInterfaceManager.cpp-L2121)  ProcessName:Shrimp Counting.exe(13208)     Description:[U3V]Start Grabbing, DeviceUptime[9178]     Solution:
Info    2022-08-29 14:13:18:0160  DevID:MV-CA003-21UM(00C41021506)  Source-Line:MvCameraControl.dll(CInterfaceManager.cpp-L7122)  ProcessName:Shrimp Counting.exe(13208)     Description:CamCtrl Display Thread Start, ThreadId[6620]     Solution:
Info    2022-08-29 14:13:18:0160  DevID:MV-CA003-21UM(00C41021506)  Source-Line:MvCameraControl.dll(CInterfaceManager.cpp-L7312)  ProcessName:Shrimp Counting.exe(13208)     Description:CamCtrl RecvThread Start, ThreadId[3456]     Solution:
Info    2022-08-29 14:13:18:0169  DevID:MV-CA003-21UM(00C41021506)  Source-Line:MvCameraControl.dll(CInterfaceManager.cpp-L2271)  ProcessName:Shrimp Counting.exe(13208)     Description:Start grabbing success, There is no registration callback.     Solution:
Info    2022-08-29 14:13:18:0381  DevID:MV-CA003-21UM(00C41021506)  Source-Line:MvCameraControl.dll(MvCamRender.cpp-L0093)  ProcessName:Shrimp Counting.exe(13208)     Description:Render Mode GDI     Solution:
Info    2022-08-29 14:13:20:0077  DevID:MV-CA003-21UM(00C41021506)  Source-Line:MvCameraControl.dll(CInterfaceManager.cpp-L2387)  ProcessName:Shrimp Counting.exe(13208)     Description:[StopGrabbing]Stop grabbing success! DeviceUptime[9180]     Solution:
Info    2022-08-29 14:13:23:0653  DevID:MV-CA003-21UM(00C41021506)  Source-Line:MvCameraControl.dll(CInterfaceManager.cpp-L7314)  ProcessName:Shrimp Counting.exe(13208)     Description:CamCtrl RecvThread End, ThreadId[3456]     Solution:
Info    2022-08-29 14:13:23:0653  DevID:MV-CA003-21UM(00C41021506)  Source-Line:MvCameraControl.dll(CInterfaceManager.cpp-L7124)  ProcessName:Shrimp Counting.exe(13208)     Description:CamCtrl Display Thread End, ThreadId[6620]     Solution:
Info    2022-08-29 14:13:23:0655  DevID:MV-CA003-21UM(00C41021506)  Source-Line:MvCameraControl.dll(CInterfaceManager.cpp-L1436)  ProcessName:Shrimp Counting.exe(13208)     Description:[CloseDevice]DeviceUptime[9184]     Solution:
Info    2022-08-29 14:13:24:0593  DevID:MV-CA003-21UM(00C41021506)  Source-Line:MvCameraControl.dll(CInterfaceManager.cpp-L1498)  ProcessName:Shrimp Counting.exe(13208)     Description:[CloseDevice]Close device success!     Solution:
Info    2022-08-29 14:13:24:0593  DevID:MV-CA003-21UM(00C41021506)  Source-Line:MvCameraControl.dll(CInterfaceManager.cpp-L1064)  ProcessName:Shrimp Counting.exe(13208)     Description:[MV_CC_DestroyHandle]DeInit success     Solution:
Info    2022-08-29 14:39:48:0024  DevID:MV-CA003-21UM(00C41021506)  Source-Line:MvCameraControl.dll(CInterfaceManager.cpp-L0859)  ProcessName:Shrimp Counting.exe(12144)     Description:[U3V Info]Speed[768], DeviceAddress[1], VendorName[Hikvision], ManufacturerInfo[Hikvision], DeviceVersion[V1.4.0 180502 159998], UserID[CHP]     Solution:
Info    2022-08-29 14:39:48:0024  DevID:MV-CA003-21UM(00C41021506)  Source-Line:MvCameraControl.dll(CInterfaceManager.cpp-L0949)  ProcessName:Shrimp Counting.exe(12144)     Description:CameraControl Dll, Path[C:\Users\Admin\Desktop\Hao Phuong Shrimp Counting CPU\BasicDemo\MVCameraControl.dll]     Solution:
Info    2022-08-29 14:39:48:0024  DevID:MV-CA003-21UM(00C41021506)  Source-Line:MvCameraControl.dll(CInterfaceManager.cpp-L0952)  ProcessName:Shrimp Counting.exe(12144)     Description:[MV_CC_CreateHandle]IsWriteLog[1], Ret[0x0]     Solution:
Info    2022-08-29 14:39:48:0024  DevID:MV-CA003-21UM(00C41021506)  Source-Line:MvCameraControl.dll(CInterfaceManager.cpp-L7691)  ProcessName:Shrimp Counting.exe(12144)     Description:CamCtrl[0x3050004], U3V SDKVersion[0x3050004], DriverVersion[0x1000001]     Solution:
Info    2022-08-29 14:39:48:0105  DevID:MV-CA003-21UM(00C41021506)  Source-Line:MvCameraControl.dll(CInterfaceManager.cpp-L3134)  ProcessName:Shrimp Counting.exe(12144)     Description:[GetGenICamXML]Get XML success!     Solution:
Info    2022-08-29 14:39:48:0173  DevID:MV-CA003-21UM(00C41021506)  Source-Line:MvCameraControl.dll(CInterfaceManager.cpp-L4938)  ProcessName:Shrimp Counting.exe(12144)     Description:[MV_CC_InvalidateNodes]Invalidate Nodes success     Solution:
Info    2022-08-29 14:39:48:0174  DevID:MV-CA003-21UM(00C41021506)  Source-Line:MvCameraControl.dll(CInterfaceManager.cpp-L1392)  ProcessName:Shrimp Counting.exe(12144)     Description:[MV_CC_OpenDevice]Open device success! PrivilegeMode[1], SwitchoverKey[0], DeviceUptime[10768]     Solution:
Info    2022-08-29 14:39:48:0584  DevID:MV-CA003-21UM(00C41021506)  Source-Line:MvCameraControl.dll(CInterfaceManager.cpp-L2121)  ProcessName:Shrimp Counting.exe(12144)     Description:[U3V]Start Grabbing, DeviceUptime[10769]     Solution:
Info    2022-08-29 14:39:48:0588  DevID:MV-CA003-21UM(00C41021506)  Source-Line:MvCameraControl.dll(CInterfaceManager.cpp-L7312)  ProcessName:Shrimp Counting.exe(12144)     Description:CamCtrl RecvThread Start, ThreadId[12152]     Solution:
Info    2022-08-29 14:39:48:0599  DevID:MV-CA003-21UM(00C41021506)  Source-Line:MvCameraControl.dll(CInterfaceManager.cpp-L7122)  ProcessName:Shrimp Counting.exe(12144)     Description:CamCtrl Display Thread Start, ThreadId[13468]     Solution:
Info    2022-08-29 14:39:48:0599  DevID:MV-CA003-21UM(00C41021506)  Source-Line:MvCameraControl.dll(CInterfaceManager.cpp-L2271)  ProcessName:Shrimp Counting.exe(12144)     Description:Start grabbing success, There is no registration callback.     Solution:
Info    2022-08-29 14:39:48:0813  DevID:MV-CA003-21UM(00C41021506)  Source-Line:MvCameraControl.dll(MvCamRender.cpp-L0093)  ProcessName:Shrimp Counting.exe(12144)     Description:Render Mode GDI     Solution:
Info    2022-08-29 14:39:49:0779  DevID:MV-CA003-21UM(00C41021506)  Source-Line:MvCameraControl.dll(CInterfaceManager.cpp-L7314)  ProcessName:Shrimp Counting.exe(12144)     Description:CamCtrl RecvThread End, ThreadId[12152]     Solution:
Info    2022-08-29 14:39:49:0779  DevID:MV-CA003-21UM(00C41021506)  Source-Line:MvCameraControl.dll(CInterfaceManager.cpp-L7124)  ProcessName:Shrimp Counting.exe(12144)     Description:CamCtrl Display Thread End, ThreadId[13468]     Solution:
Info    2022-08-29 14:39:49:0923  DevID:MV-CA003-21UM(00C41021506)  Source-Line:MvCameraControl.dll(CInterfaceManager.cpp-L2387)  ProcessName:Shrimp Counting.exe(12144)     Description:[StopGrabbing]Stop grabbing success! DeviceUptime[10770]     Solution:
Info    2022-08-29 14:39:49:0924  DevID:MV-CA003-21UM(00C41021506)  Source-Line:MvCameraControl.dll(CInterfaceManager.cpp-L1436)  ProcessName:Shrimp Counting.exe(12144)     Description:[CloseDevice]DeviceUptime[10770]     Solution:
Info    2022-08-29 14:39:50:0136  DevID:MV-CA003-21UM(00C41021506)  Source-Line:MvCameraControl.dll(CInterfaceManager.cpp-L1498)  ProcessName:Shrimp Counting.exe(12144)     Description:[CloseDevice]Close device success!     Solution:
Info    2022-08-29 14:39:50:0136  DevID:MV-CA003-21UM(00C41021506)  Source-Line:MvCameraControl.dll(CInterfaceManager.cpp-L1064)  ProcessName:Shrimp Counting.exe(12144)     Description:[MV_CC_DestroyHandle]DeInit success     Solution:
Info    2022-08-29 14:57:36:0144  DevID:MV-CA003-21UM(00C41021506)  Source-Line:MvCameraControl.dll(CInterfaceManager.cpp-L0859)  ProcessName:Shrimp Counting.exe(7948)     Description:[U3V Info]Speed[768], DeviceAddress[1], VendorName[Hikvision], ManufacturerInfo[Hikvision], DeviceVersion[V1.4.0 180502 159998], UserID[CHP]     Solution:
Info    2022-08-29 14:57:36:0144  DevID:MV-CA003-21UM(00C41021506)  Source-Line:MvCameraControl.dll(CInterfaceManager.cpp-L0949)  ProcessName:Shrimp Counting.exe(7948)     Description:CameraControl Dll, Path[C:\Users\Admin\Desktop\Hao Phuong Shrimp Counting CPU\BasicDemo\MVCameraControl.dll]     Solution:
Info    2022-08-29 14:57:36:0144  DevID:MV-CA003-21UM(00C41021506)  Source-Line:MvCameraControl.dll(CInterfaceManager.cpp-L0952)  ProcessName:Shrimp Counting.exe(7948)     Description:[MV_CC_CreateHandle]IsWriteLog[1], Ret[0x0]     Solution:
Info    2022-08-29 14:57:36:0144  DevID:MV-CA003-21UM(00C41021506)  Source-Line:MvCameraControl.dll(CInterfaceManager.cpp-L7691)  ProcessName:Shrimp Counting.exe(7948)     Description:CamCtrl[0x3050004], U3V SDKVersion[0x3050004], DriverVersion[0x1000001]     Solution:
Info    2022-08-29 14:57:36:0226  DevID:MV-CA003-21UM(00C41021506)  Source-Line:MvCameraControl.dll(CInterfaceManager.cpp-L3134)  ProcessName:Shrimp Counting.exe(7948)     Description:[GetGenICamXML]Get XML success!     Solution:
Info    2022-08-29 14:57:36:0275  DevID:MV-CA003-21UM(00C41021506)  Source-Line:MvCameraControl.dll(CInterfaceManager.cpp-L4938)  ProcessName:Shrimp Counting.exe(7948)     Description:[MV_CC_InvalidateNodes]Invalidate Nodes success     Solution:
Info    2022-08-29 14:57:36:0275  DevID:MV-CA003-21UM(00C41021506)  Source-Line:MvCameraControl.dll(CInterfaceManager.cpp-L1392)  ProcessName:Shrimp Counting.exe(7948)     Description:[MV_CC_OpenDevice]Open device success! PrivilegeMode[1], SwitchoverKey[0], DeviceUptime[11836]     Solution:
Info    2022-08-29 14:57:38:0391  DevID:MV-CA003-21UM(00C41021506)  Source-Line:MvCameraControl.dll(CInterfaceManager.cpp-L1436)  ProcessName:Shrimp Counting.exe(7948)     Description:[CloseDevice]DeviceUptime[11839]     Solution:
Info    2022-08-29 14:57:39:0266  DevID:MV-CA003-21UM(00C41021506)  Source-Line:MvCameraControl.dll(CInterfaceManager.cpp-L1498)  ProcessName:Shrimp Counting.exe(7948)     Description:[CloseDevice]Close device success!     Solution:
Info    2022-08-29 14:57:39:0266  DevID:MV-CA003-21UM(00C41021506)  Source-Line:MvCameraControl.dll(CInterfaceManager.cpp-L1064)  ProcessName:Shrimp Counting.exe(7948)     Description:[MV_CC_DestroyHandle]DeInit success     Solution:
Info    2022-08-29 15:05:48:0697  DevID:MV-CA003-21UM(00C41021506)  Source-Line:MvCameraControl.dll(CInterfaceManager.cpp-L0859)  ProcessName:Shrimp Counting.exe(15152)     Description:[U3V Info]Speed[768], DeviceAddress[1], VendorName[Hikvision], ManufacturerInfo[Hikvision], DeviceVersion[V1.4.0 180502 159998], UserID[CHP]     Solution:
Info    2022-08-29 15:05:48:0697  DevID:MV-CA003-21UM(00C41021506)  Source-Line:MvCameraControl.dll(CInterfaceManager.cpp-L0949)  ProcessName:Shrimp Counting.exe(15152)     Description:CameraControl Dll, Path[C:\Users\Admin\Desktop\Hao Phuong Shrimp Counting CPU\BasicDemo\MVCameraControl.dll]     Solution:
Info    2022-08-29 15:05:48:0697  DevID:MV-CA003-21UM(00C41021506)  Source-Line:MvCameraControl.dll(CInterfaceManager.cpp-L0952)  ProcessName:Shrimp Counting.exe(15152)     Description:[MV_CC_CreateHandle]IsWriteLog[1], Ret[0x0]     Solution:
Info    2022-08-29 15:05:48:0698  DevID:MV-CA003-21UM(00C41021506)  Source-Line:MvCameraControl.dll(CInterfaceManager.cpp-L7691)  ProcessName:Shrimp Counting.exe(15152)     Description:CamCtrl[0x3050004], U3V SDKVersion[0x3050004], DriverVersion[0x1000001]     Solution:
Info    2022-08-29 15:05:48:0778  DevID:MV-CA003-21UM(00C41021506)  Source-Line:MvCameraControl.dll(CInterfaceManager.cpp-L3134)  ProcessName:Shrimp Counting.exe(15152)     Description:[GetGenICamXML]Get XML success!     Solution:
Info    2022-08-29 15:05:48:0832  DevID:MV-CA003-21UM(00C41021506)  Source-Line:MvCameraControl.dll(CInterfaceManager.cpp-L4938)  ProcessName:Shrimp Counting.exe(15152)     Description:[MV_CC_InvalidateNodes]Invalidate Nodes success     Solution:
Info    2022-08-29 15:05:48:0833  DevID:MV-CA003-21UM(00C41021506)  Source-Line:MvCameraControl.dll(CInterfaceManager.cpp-L1392)  ProcessName:Shrimp Counting.exe(15152)     Description:[MV_CC_OpenDevice]Open device success! PrivilegeMode[1], SwitchoverKey[0], DeviceUptime[12329]     Solution:
Info    2022-08-29 15:05:49:0994  DevID:MV-CA003-21UM(00C41021506)  Source-Line:MvCameraControl.dll(CInterfaceManager.cpp-L1436)  ProcessName:Shrimp Counting.exe(15152)     Description:[CloseDevice]DeviceUptime[12330]     Solution:
Info    2022-08-29 15:05:50:0793  DevID:MV-CA003-21UM(00C41021506)  Source-Line:MvCameraControl.dll(CInterfaceManager.cpp-L1498)  ProcessName:Shrimp Counting.exe(15152)     Description:[CloseDevice]Close device success!     Solution:
Info    2022-08-29 15:05:50:0793  DevID:MV-CA003-21UM(00C41021506)  Source-Line:MvCameraControl.dll(CInterfaceManager.cpp-L1064)  ProcessName:Shrimp Counting.exe(15152)     Description:[MV_CC_DestroyHandle]DeInit success     Solution:
Info    2022-08-29 16:01:39:0519  DevID:MV-CA003-21UM(00C41021506)  Source-Line:MvCameraControl.dll(CInterfaceManager.cpp-L0859)  ProcessName:Shrimp Counting.exe(2508)     Description:[U3V Info]Speed[768], DeviceAddress[4], VendorName[Hikvision], ManufacturerInfo[Hikvision], DeviceVersion[V1.4.0 180502 159998], UserID[CHP]     Solution:
Info    2022-08-29 16:01:39:0519  DevID:MV-CA003-21UM(00C41021506)  Source-Line:MvCameraControl.dll(CInterfaceManager.cpp-L0949)  ProcessName:Shrimp Counting.exe(2508)     Description:CameraControl Dll, Path[C:\Users\Admin\Desktop\Hao Phuong Shrimp Counting CPU\BasicDemo\MVCameraControl.dll]     Solution:
Info    2022-08-29 16:01:39:0519  DevID:MV-CA003-21UM(00C41021506)  Source-Line:MvCameraControl.dll(CInterfaceManager.cpp-L0952)  ProcessName:Shrimp Counting.exe(2508)     Description:[MV_CC_CreateHandle]IsWriteLog[1], Ret[0x0]     Solution:
Info    2022-08-29 16:01:39:0519  DevID:MV-CA003-21UM(00C41021506)  Source-Line:MvCameraControl.dll(CInterfaceManager.cpp-L7691)  ProcessName:Shrimp Counting.exe(2508)     Description:CamCtrl[0x3050004], U3V SDKVersion[0x3050004], DriverVersion[0x1000001]     Solution:
Info    2022-08-29 16:01:39:0601  DevID:MV-CA003-21UM(00C41021506)  Source-Line:MvCameraControl.dll(CInterfaceManager.cpp-L3134)  ProcessName:Shrimp Counting.exe(2508)     Description:[GetGenICamXML]Get XML success!     Solution:
Info    2022-08-29 16:01:39:0650  DevID:MV-CA003-21UM(00C41021506)  Source-Line:MvCameraControl.dll(CInterfaceManager.cpp-L4938)  ProcessName:Shrimp Counting.exe(2508)     Description:[MV_CC_InvalidateNodes]Invalidate Nodes success     Solution:
Info    2022-08-29 16:01:39:0651  DevID:MV-CA003-21UM(00C41021506)  Source-Line:MvCameraControl.dll(CInterfaceManager.cpp-L1392)  ProcessName:Shrimp Counting.exe(2508)     Description:[MV_CC_OpenDevice]Open device success! PrivilegeMode[1], SwitchoverKey[0], DeviceUptime[3]     Solution:
Info    2022-08-29 16:01:41:0115  DevID:MV-CA003-21UM(00C41021506)  Source-Line:MvCameraControl.dll(CInterfaceManager.cpp-L2121)  ProcessName:Shrimp Counting.exe(2508)     Description:[U3V]Start Grabbing, DeviceUptime[4]     Solution:
Info    2022-08-29 16:01:41:0119  DevID:MV-CA003-21UM(00C41021506)  Source-Line:MvCameraControl.dll(CInterfaceManager.cpp-L7312)  ProcessName:Shrimp Counting.exe(2508)     Description:CamCtrl RecvThread Start, ThreadId[10816]     Solution:
Info    2022-08-29 16:01:41:0120  DevID:MV-CA003-21UM(00C41021506)  Source-Line:MvCameraControl.dll(CInterfaceManager.cpp-L7122)  ProcessName:Shrimp Counting.exe(2508)     Description:CamCtrl Display Thread Start, ThreadId[7336]     Solution:
Info    2022-08-29 16:01:41:0128  DevID:MV-CA003-21UM(00C41021506)  Source-Line:MvCameraControl.dll(CInterfaceManager.cpp-L2271)  ProcessName:Shrimp Counting.exe(2508)     Description:Start grabbing success, There is no registration callback.     Solution:
Info    2022-08-29 16:01:41:0333  DevID:MV-CA003-21UM(00C41021506)  Source-Line:MvCameraControl.dll(MvCamRender.cpp-L0093)  ProcessName:Shrimp Counting.exe(2508)     Description:Render Mode GDI     Solution:
Error   2022-08-29 16:01:42:0772  DevID:MV-CA003-21UM(00C41021506)  Source-Line:MvCameraControl.dll(CInterfaceManager.cpp-L8965)  ProcessName:Shrimp Counting.exe(2508)     Description:[MV_CC_SaveImageToFile] Ret[0x80000006]     Solution:
Info    2022-08-29 16:01:50:0383  DevID:MV-CA003-21UM(00C41021506)  Source-Line:MvCameraControl.dll(CInterfaceManager.cpp-L7314)  ProcessName:Shrimp Counting.exe(2508)     Description:CamCtrl RecvThread End, ThreadId[10816]     Solution:
Info    2022-08-29 16:01:50:0384  DevID:MV-CA003-21UM(00C41021506)  Source-Line:MvCameraControl.dll(CInterfaceManager.cpp-L7124)  ProcessName:Shrimp Counting.exe(2508)     Description:CamCtrl Display Thread End, ThreadId[7336]     Solution:
Info    2022-08-29 16:01:50:0529  DevID:MV-CA003-21UM(00C41021506)  Source-Line:MvCameraControl.dll(CInterfaceManager.cpp-L2387)  ProcessName:Shrimp Counting.exe(2508)     Description:[StopGrabbing]Stop grabbing success! DeviceUptime[14]     Solution:
Info    2022-08-29 16:01:50:0530  DevID:MV-CA003-21UM(00C41021506)  Source-Line:MvCameraControl.dll(CInterfaceManager.cpp-L1436)  ProcessName:Shrimp Counting.exe(2508)     Description:[CloseDevice]DeviceUptime[14]     Solution:
Info    2022-08-29 16:01:50:0722  DevID:MV-CA003-21UM(00C41021506)  Source-Line:MvCameraControl.dll(CInterfaceManager.cpp-L1498)  ProcessName:Shrimp Counting.exe(2508)     Description:[CloseDevice]Close device success!     Solution:
Info    2022-08-29 16:01:50:0722  DevID:MV-CA003-21UM(00C41021506)  Source-Line:MvCameraControl.dll(CInterfaceManager.cpp-L1064)  ProcessName:Shrimp Counting.exe(2508)     Description:[MV_CC_DestroyHandle]DeInit success     Solution:
Info    2022-08-29 16:02:12:0323  DevID:MV-CA003-21UM(00C41021506)  Source-Line:MvCameraControl.dll(CInterfaceManager.cpp-L0859)  ProcessName:Shrimp Counting.exe(3608)     Description:[U3V Info]Speed[768], DeviceAddress[4], VendorName[Hikvision], ManufacturerInfo[Hikvision], DeviceVersion[V1.4.0 180502 159998], UserID[CHP]     Solution:
Info    2022-08-29 16:02:12:0323  DevID:MV-CA003-21UM(00C41021506)  Source-Line:MvCameraControl.dll(CInterfaceManager.cpp-L0949)  ProcessName:Shrimp Counting.exe(3608)     Description:CameraControl Dll, Path[C:\Users\Admin\Desktop\Hao Phuong Shrimp Counting CPU\BasicDemo\MVCameraControl.dll]     Solution:
Info    2022-08-29 16:02:12:0323  DevID:MV-CA003-21UM(00C41021506)  Source-Line:MvCameraControl.dll(CInterfaceManager.cpp-L0952)  ProcessName:Shrimp Counting.exe(3608)     Description:[MV_CC_CreateHandle]IsWriteLog[1], Ret[0x0]     Solution:
Info    2022-08-29 16:02:12:0323  DevID:MV-CA003-21UM(00C41021506)  Source-Line:MvCameraControl.dll(CInterfaceManager.cpp-L7691)  ProcessName:Shrimp Counting.exe(3608)     Description:CamCtrl[0x3050004], U3V SDKVersion[0x3050004], DriverVersion[0x1000001]     Solution:
Info    2022-08-29 16:02:12:0404  DevID:MV-CA003-21UM(00C41021506)  Source-Line:MvCameraControl.dll(CInterfaceManager.cpp-L3134)  ProcessName:Shrimp Counting.exe(3608)     Description:[GetGenICamXML]Get XML success!     Solution:
Info    2022-08-29 16:02:12:0452  DevID:MV-CA003-21UM(00C41021506)  Source-Line:MvCameraControl.dll(CInterfaceManager.cpp-L4938)  ProcessName:Shrimp Counting.exe(3608)     Description:[MV_CC_InvalidateNodes]Invalidate Nodes success     Solution:
Info    2022-08-29 16:02:12:0453  DevID:MV-CA003-21UM(00C41021506)  Source-Line:MvCameraControl.dll(CInterfaceManager.cpp-L1392)  ProcessName:Shrimp Counting.exe(3608)     Description:[MV_CC_OpenDevice]Open device success! PrivilegeMode[1], SwitchoverKey[0], DeviceUptime[36]     Solution:
Info    2022-08-29 16:02:13:0320  DevID:MV-CA003-21UM(00C41021506)  Source-Line:MvCameraControl.dll(CInterfaceManager.cpp-L2121)  ProcessName:Shrimp Counting.exe(3608)     Description:[U3V]Start Grabbing, DeviceUptime[37]     Solution:
Info    2022-08-29 16:02:13:0325  DevID:MV-CA003-21UM(00C41021506)  Source-Line:MvCameraControl.dll(CInterfaceManager.cpp-L7312)  ProcessName:Shrimp Counting.exe(3608)     Description:CamCtrl RecvThread Start, ThreadId[8232]     Solution:
Info    2022-08-29 16:02:13:0325  DevID:MV-CA003-21UM(00C41021506)  Source-Line:MvCameraControl.dll(CInterfaceManager.cpp-L7122)  ProcessName:Shrimp Counting.exe(3608)     Description:CamCtrl Display Thread Start, ThreadId[12556]     Solution:
Info    2022-08-29 16:02:13:0333  DevID:MV-CA003-21UM(00C41021506)  Source-Line:MvCameraControl.dll(CInterfaceManager.cpp-L2271)  ProcessName:Shrimp Counting.exe(3608)     Description:Start grabbing success, There is no registration callback.     Solution:
Info    2022-08-29 16:02:13:0547  DevID:MV-CA003-21UM(00C41021506)  Source-Line:MvCameraControl.dll(MvCamRender.cpp-L0093)  ProcessName:Shrimp Counting.exe(3608)     Description:Render Mode GDI     Solution:
Error   2022-08-29 16:02:15:0112  DevID:MV-CA003-21UM(00C41021506)  Source-Line:MvCameraControl.dll(CInterfaceManager.cpp-L8965)  ProcessName:Shrimp Counting.exe(3608)     Description:[MV_CC_SaveImageToFile] Ret[0x80000006]     Solution:
Info    2022-08-29 16:02:17:0969  DevID:MV-CA003-21UM(00C41021506)  Source-Line:MvCameraControl.dll(CInterfaceManager.cpp-L7124)  ProcessName:Shrimp Counting.exe(3608)     Description:CamCtrl Display Thread End, ThreadId[12556]     Solution:
Info    2022-08-29 16:02:17:0969  DevID:MV-CA003-21UM(00C41021506)  Source-Line:MvCameraControl.dll(CInterfaceManager.cpp-L7314)  ProcessName:Shrimp Counting.exe(3608)     Description:CamCtrl RecvThread End, ThreadId[8232]     Solution:
Info    2022-08-29 16:02:18:0079  DevID:MV-CA003-21UM(00C41021506)  Source-Line:MvCameraControl.dll(CInterfaceManager.cpp-L2387)  ProcessName:Shrimp Counting.exe(3608)     Description:[StopGrabbing]Stop grabbing success! DeviceUptime[41]     Solution:
Info    2022-08-29 16:02:18:0079  DevID:MV-CA003-21UM(00C41021506)  Source-Line:MvCameraControl.dll(CInterfaceManager.cpp-L1436)  ProcessName:Shrimp Counting.exe(3608)     Description:[CloseDevice]DeviceUptime[41]     Solution:
Info    2022-08-29 16:02:18:0508  DevID:MV-CA003-21UM(00C41021506)  Source-Line:MvCameraControl.dll(CInterfaceManager.cpp-L1498)  ProcessName:Shrimp Counting.exe(3608)     Description:[CloseDevice]Close device success!     Solution:
Info    2022-08-29 16:02:18:0508  DevID:MV-CA003-21UM(00C41021506)  Source-Line:MvCameraControl.dll(CInterfaceManager.cpp-L1064)  ProcessName:Shrimp Counting.exe(3608)     Description:[MV_CC_DestroyHandle]DeInit success     Solution:
Info    2022-08-29 16:02:52:0266  DevID:MV-CA003-21UM(00C41021506)  Source-Line:MvCameraControl.dll(CInterfaceManager.cpp-L0859)  ProcessName:Shrimp Counting.exe(10164)     Description:[U3V Info]Speed[768], DeviceAddress[4], VendorName[Hikvision], ManufacturerInfo[Hikvision], DeviceVersion[V1.4.0 180502 159998], UserID[CHP]     Solution:
Info    2022-08-29 16:02:52:0266  DevID:MV-CA003-21UM(00C41021506)  Source-Line:MvCameraControl.dll(CInterfaceManager.cpp-L0949)  ProcessName:Shrimp Counting.exe(10164)     Description:CameraControl Dll, Path[C:\Users\Admin\Desktop\Hao Phuong Shrimp Counting CPU\BasicDemo\MVCameraControl.dll]     Solution:
Info    2022-08-29 16:02:52:0266  DevID:MV-CA003-21UM(00C41021506)  Source-Line:MvCameraControl.dll(CInterfaceManager.cpp-L0952)  ProcessName:Shrimp Counting.exe(10164)     Description:[MV_CC_CreateHandle]IsWriteLog[1], Ret[0x0]     Solution:
Info    2022-08-29 16:02:52:0266  DevID:MV-CA003-21UM(00C41021506)  Source-Line:MvCameraControl.dll(CInterfaceManager.cpp-L7691)  ProcessName:Shrimp Counting.exe(10164)     Description:CamCtrl[0x3050004], U3V SDKVersion[0x3050004], DriverVersion[0x1000001]     Solution:
Info    2022-08-29 16:02:52:0347  DevID:MV-CA003-21UM(00C41021506)  Source-Line:MvCameraControl.dll(CInterfaceManager.cpp-L3134)  ProcessName:Shrimp Counting.exe(10164)     Description:[GetGenICamXML]Get XML success!     Solution:
Info    2022-08-29 16:02:52:0399  DevID:MV-CA003-21UM(00C41021506)  Source-Line:MvCameraControl.dll(CInterfaceManager.cpp-L4938)  ProcessName:Shrimp Counting.exe(10164)     Description:[MV_CC_InvalidateNodes]Invalidate Nodes success     Solution:
Info    2022-08-29 16:02:52:0400  DevID:MV-CA003-21UM(00C41021506)  Source-Line:MvCameraControl.dll(CInterfaceManager.cpp-L1392)  ProcessName:Shrimp Counting.exe(10164)     Description:[MV_CC_OpenDevice]Open device success! PrivilegeMode[1], SwitchoverKey[0], DeviceUptime[76]     Solution:
Info    2022-08-29 16:02:52:0933  DevID:MV-CA003-21UM(00C41021506)  Source-Line:MvCameraControl.dll(CInterfaceManager.cpp-L2121)  ProcessName:Shrimp Counting.exe(10164)     Description:[U3V]Start Grabbing, DeviceUptime[76]     Solution:
Info    2022-08-29 16:02:52:0938  DevID:MV-CA003-21UM(00C41021506)  Source-Line:MvCameraControl.dll(CInterfaceManager.cpp-L7312)  ProcessName:Shrimp Counting.exe(10164)     Description:CamCtrl RecvThread Start, ThreadId[17156]     Solution:
Info    2022-08-29 16:02:52:0938  DevID:MV-CA003-21UM(00C41021506)  Source-Line:MvCameraControl.dll(CInterfaceManager.cpp-L7122)  ProcessName:Shrimp Counting.exe(10164)     Description:CamCtrl Display Thread Start, ThreadId[17272]     Solution:
Info    2022-08-29 16:02:52:0947  DevID:MV-CA003-21UM(00C41021506)  Source-Line:MvCameraControl.dll(CInterfaceManager.cpp-L2271)  ProcessName:Shrimp Counting.exe(10164)     Description:Start grabbing success, There is no registration callback.     Solution:
Info    2022-08-29 16:02:53:0154  DevID:MV-CA003-21UM(00C41021506)  Source-Line:MvCameraControl.dll(MvCamRender.cpp-L0093)  ProcessName:Shrimp Counting.exe(10164)     Description:Render Mode GDI     Solution:
Info    2022-08-29 16:02:57:0304  DevID:MV-CA003-21UM(00C41021506)  Source-Line:MvCameraControl.dll(CInterfaceManager.cpp-L2387)  ProcessName:Shrimp Counting.exe(10164)     Description:[StopGrabbing]Stop grabbing success! DeviceUptime[81]     Solution:
Info    2022-08-29 16:02:58:0121  DevID:MV-CA003-21UM(00C41021506)  Source-Line:MvCameraControl.dll(CInterfaceManager.cpp-L7124)  ProcessName:Shrimp Counting.exe(10164)     Description:CamCtrl Display Thread End, ThreadId[17272]     Solution:
Info    2022-08-29 16:02:58:0121  DevID:MV-CA003-21UM(00C41021506)  Source-Line:MvCameraControl.dll(CInterfaceManager.cpp-L7314)  ProcessName:Shrimp Counting.exe(10164)     Description:CamCtrl RecvThread End, ThreadId[17156]     Solution:
Info    2022-08-29 16:02:58:0123  DevID:MV-CA003-21UM(00C41021506)  Source-Line:MvCameraControl.dll(CInterfaceManager.cpp-L1436)  ProcessName:Shrimp Counting.exe(10164)     Description:[CloseDevice]DeviceUptime[81]     Solution:
Info    2022-08-29 16:02:58:0444  DevID:MV-CA003-21UM(00C41021506)  Source-Line:MvCameraControl.dll(CInterfaceManager.cpp-L1498)  ProcessName:Shrimp Counting.exe(10164)     Description:[CloseDevice]Close device success!     Solution:
Info    2022-08-29 16:02:58:0444  DevID:MV-CA003-21UM(00C41021506)  Source-Line:MvCameraControl.dll(CInterfaceManager.cpp-L1064)  ProcessName:Shrimp Counting.exe(10164)     Description:[MV_CC_DestroyHandle]DeInit success     Solution:
Info    2022-08-29 16:04:09:0337  DevID:MV-CA003-21UM(00C41021506)  Source-Line:MvCameraControl.dll(CInterfaceManager.cpp-L0859)  ProcessName:Shrimp Counting.exe(10164)     Description:[U3V Info]Speed[768], DeviceAddress[4], VendorName[Hikvision], ManufacturerInfo[Hikvision], DeviceVersion[V1.4.0 180502 159998], UserID[CHP]     Solution:
Info    2022-08-29 16:04:09:0337  DevID:MV-CA003-21UM(00C41021506)  Source-Line:MvCameraControl.dll(CInterfaceManager.cpp-L0949)  ProcessName:Shrimp Counting.exe(10164)     Description:CameraControl Dll, Path[C:\Users\Admin\Desktop\Hao Phuong Shrimp Counting CPU\BasicDemo\MVCameraControl.dll]     Solution:
Info    2022-08-29 16:04:09:0337  DevID:MV-CA003-21UM(00C41021506)  Source-Line:MvCameraControl.dll(CInterfaceManager.cpp-L0952)  ProcessName:Shrimp Counting.exe(10164)     Description:[MV_CC_CreateHandle]IsWriteLog[1], Ret[0x0]     Solution:
Info    2022-08-29 16:04:09:0337  DevID:MV-CA003-21UM(00C41021506)  Source-Line:MvCameraControl.dll(CInterfaceManager.cpp-L7691)  ProcessName:Shrimp Counting.exe(10164)     Description:CamCtrl[0x3050004], U3V SDKVersion[0x3050004], DriverVersion[0x1000001]     Solution:
Info    2022-08-29 16:04:09:0418  DevID:MV-CA003-21UM(00C41021506)  Source-Line:MvCameraControl.dll(CInterfaceManager.cpp-L3134)  ProcessName:Shrimp Counting.exe(10164)     Description:[GetGenICamXML]Get XML success!     Solution:
Info    2022-08-29 16:04:09:0468  DevID:MV-CA003-21UM(00C41021506)  Source-Line:MvCameraControl.dll(CInterfaceManager.cpp-L4938)  ProcessName:Shrimp Counting.exe(10164)     Description:[MV_CC_InvalidateNodes]Invalidate Nodes success     Solution:
Info    2022-08-29 16:04:09:0469  DevID:MV-CA003-21UM(00C41021506)  Source-Line:MvCameraControl.dll(CInterfaceManager.cpp-L1392)  ProcessName:Shrimp Counting.exe(10164)     Description:[MV_CC_OpenDevice]Open device success! PrivilegeMode[1], SwitchoverKey[0], DeviceUptime[153]     Solution:
Info    2022-08-29 16:04:09:0966  DevID:MV-CA003-21UM(00C41021506)  Source-Line:MvCameraControl.dll(CInterfaceManager.cpp-L2121)  ProcessName:Shrimp Counting.exe(10164)     Description:[U3V]Start Grabbing, DeviceUptime[153]     Solution:
Info    2022-08-29 16:04:09:0969  DevID:MV-CA003-21UM(00C41021506)  Source-Line:MvCameraControl.dll(CInterfaceManager.cpp-L7312)  ProcessName:Shrimp Counting.exe(10164)     Description:CamCtrl RecvThread Start, ThreadId[4560]     Solution:
Info    2022-08-29 16:04:09:0970  DevID:MV-CA003-21UM(00C41021506)  Source-Line:MvCameraControl.dll(CInterfaceManager.cpp-L7122)  ProcessName:Shrimp Counting.exe(10164)     Description:CamCtrl Display Thread Start, ThreadId[7800]     Solution:
Info    2022-08-29 16:04:09:0979  DevID:MV-CA003-21UM(00C41021506)  Source-Line:MvCameraControl.dll(CInterfaceManager.cpp-L2271)  ProcessName:Shrimp Counting.exe(10164)     Description:Start grabbing success, There is no registration callback.     Solution:
Info    2022-08-29 16:04:10:0186  DevID:MV-CA003-21UM(00C41021506)  Source-Line:MvCameraControl.dll(MvCamRender.cpp-L0093)  ProcessName:Shrimp Counting.exe(10164)     Description:Render Mode GDI     Solution:
Error   2022-08-29 16:04:11:0209  DevID:MV-CA003-21UM(00C41021506)  Source-Line:MvCameraControl.dll(CInterfaceManager.cpp-L8965)  ProcessName:Shrimp Counting.exe(10164)     Description:[MV_CC_SaveImageToFile] Ret[0x80000004]     Solution:
Info    2022-08-29 16:04:15:0671  DevID:MV-CA003-21UM(00C41021506)  Source-Line:MvCameraControl.dll(CInterfaceManager.cpp-L7314)  ProcessName:Shrimp Counting.exe(10164)     Description:CamCtrl RecvThread End, ThreadId[4560]     Solution:
Info    2022-08-29 16:04:15:0671  DevID:MV-CA003-21UM(00C41021506)  Source-Line:MvCameraControl.dll(CInterfaceManager.cpp-L7124)  ProcessName:Shrimp Counting.exe(10164)     Description:CamCtrl Display Thread End, ThreadId[7800]     Solution:
Info    2022-08-29 16:04:15:0782  DevID:MV-CA003-21UM(00C41021506)  Source-Line:MvCameraControl.dll(CInterfaceManager.cpp-L2387)  ProcessName:Shrimp Counting.exe(10164)     Description:[StopGrabbing]Stop grabbing success! DeviceUptime[159]     Solution:
Info    2022-08-29 16:04:15:0782  DevID:MV-CA003-21UM(00C41021506)  Source-Line:MvCameraControl.dll(CInterfaceManager.cpp-L1436)  ProcessName:Shrimp Counting.exe(10164)     Description:[CloseDevice]DeviceUptime[159]     Solution:
Info    2022-08-29 16:04:16:0522  DevID:MV-CA003-21UM(00C41021506)  Source-Line:MvCameraControl.dll(CInterfaceManager.cpp-L1498)  ProcessName:Shrimp Counting.exe(10164)     Description:[CloseDevice]Close device success!     Solution:
Info    2022-08-29 16:04:16:0522  DevID:MV-CA003-21UM(00C41021506)  Source-Line:MvCameraControl.dll(CInterfaceManager.cpp-L1064)  ProcessName:Shrimp Counting.exe(10164)     Description:[MV_CC_DestroyHandle]DeInit success     Solution:
Info    2022-08-29 16:04:48:0828  DevID:MV-CA003-21UM(00C41021506)  Source-Line:MvCameraControl.dll(CInterfaceManager.cpp-L0859)  ProcessName:Shrimp Counting.exe(9916)     Description:[U3V Info]Speed[768], DeviceAddress[4], VendorName[Hikvision], ManufacturerInfo[Hikvision], DeviceVersion[V1.4.0 180502 159998], UserID[CHP]     Solution:
Info    2022-08-29 16:04:48:0828  DevID:MV-CA003-21UM(00C41021506)  Source-Line:MvCameraControl.dll(CInterfaceManager.cpp-L0949)  ProcessName:Shrimp Counting.exe(9916)     Description:CameraControl Dll, Path[C:\Users\Admin\Desktop\Hao Phuong Shrimp Counting CPU\BasicDemo\MVCameraControl.dll]     Solution:
Info    2022-08-29 16:04:48:0828  DevID:MV-CA003-21UM(00C41021506)  Source-Line:MvCameraControl.dll(CInterfaceManager.cpp-L0952)  ProcessName:Shrimp Counting.exe(9916)     Description:[MV_CC_CreateHandle]IsWriteLog[1], Ret[0x0]     Solution:
Info    2022-08-29 16:04:48:0828  DevID:MV-CA003-21UM(00C41021506)  Source-Line:MvCameraControl.dll(CInterfaceManager.cpp-L7691)  ProcessName:Shrimp Counting.exe(9916)     Description:CamCtrl[0x3050004], U3V SDKVersion[0x3050004], DriverVersion[0x1000001]     Solution:
Info    2022-08-29 16:04:48:0909  DevID:MV-CA003-21UM(00C41021506)  Source-Line:MvCameraControl.dll(CInterfaceManager.cpp-L3134)  ProcessName:Shrimp Counting.exe(9916)     Description:[GetGenICamXML]Get XML success!     Solution:
Info    2022-08-29 16:04:48:0960  DevID:MV-CA003-21UM(00C41021506)  Source-Line:MvCameraControl.dll(CInterfaceManager.cpp-L4938)  ProcessName:Shrimp Counting.exe(9916)     Description:[MV_CC_InvalidateNodes]Invalidate Nodes success     Solution:
Info    2022-08-29 16:04:48:0961  DevID:MV-CA003-21UM(00C41021506)  Source-Line:MvCameraControl.dll(CInterfaceManager.cpp-L1392)  ProcessName:Shrimp Counting.exe(9916)     Description:[MV_CC_OpenDevice]Open device success! PrivilegeMode[1], SwitchoverKey[0], DeviceUptime[192]     Solution:
Info    2022-08-29 16:04:49:0572  DevID:MV-CA003-21UM(00C41021506)  Source-Line:MvCameraControl.dll(CInterfaceManager.cpp-L2121)  ProcessName:Shrimp Counting.exe(9916)     Description:[U3V]Start Grabbing, DeviceUptime[193]     Solution:
Info    2022-08-29 16:04:49:0575  DevID:MV-CA003-21UM(00C41021506)  Source-Line:MvCameraControl.dll(CInterfaceManager.cpp-L7122)  ProcessName:Shrimp Counting.exe(9916)     Description:CamCtrl Display Thread Start, ThreadId[6108]     Solution:
Info    2022-08-29 16:04:49:0575  DevID:MV-CA003-21UM(00C41021506)  Source-Line:MvCameraControl.dll(CInterfaceManager.cpp-L7312)  ProcessName:Shrimp Counting.exe(9916)     Description:CamCtrl RecvThread Start, ThreadId[9260]     Solution:
Info    2022-08-29 16:04:49:0584  DevID:MV-CA003-21UM(00C41021506)  Source-Line:MvCameraControl.dll(CInterfaceManager.cpp-L2271)  ProcessName:Shrimp Counting.exe(9916)     Description:Start grabbing success, There is no registration callback.     Solution:
Info    2022-08-29 16:04:49:0794  DevID:MV-CA003-21UM(00C41021506)  Source-Line:MvCameraControl.dll(MvCamRender.cpp-L0093)  ProcessName:Shrimp Counting.exe(9916)     Description:Render Mode GDI     Solution:
Info    2022-08-29 16:04:53:0068  DevID:MV-CA003-21UM(00C41021506)  Source-Line:MvCameraControl.dll(CInterfaceManager.cpp-L2387)  ProcessName:Shrimp Counting.exe(9916)     Description:[StopGrabbing]Stop grabbing success! DeviceUptime[196]     Solution:
Info    2022-08-29 16:04:54:0001  DevID:MV-CA003-21UM(00C41021506)  Source-Line:MvCameraControl.dll(CInterfaceManager.cpp-L7124)  ProcessName:Shrimp Counting.exe(9916)     Description:CamCtrl Display Thread End, ThreadId[6108]     Solution:
Info    2022-08-29 16:04:54:0001  DevID:MV-CA003-21UM(00C41021506)  Source-Line:MvCameraControl.dll(CInterfaceManager.cpp-L7314)  ProcessName:Shrimp Counting.exe(9916)     Description:CamCtrl RecvThread End, ThreadId[9260]     Solution:
Info    2022-08-29 16:04:54:0003  DevID:MV-CA003-21UM(00C41021506)  Source-Line:MvCameraControl.dll(CInterfaceManager.cpp-L1436)  ProcessName:Shrimp Counting.exe(9916)     Description:[CloseDevice]DeviceUptime[197]     Solution:
Info    2022-08-29 16:04:54:0048  DevID:MV-CA003-21UM(00C41021506)  Source-Line:MvCameraControl.dll(CInterfaceManager.cpp-L1498)  ProcessName:Shrimp Counting.exe(9916)     Description:[CloseDevice]Close device success!     Solution:
Info    2022-08-29 16:04:54:0048  DevID:MV-CA003-21UM(00C41021506)  Source-Line:MvCameraControl.dll(CInterfaceManager.cpp-L1064)  ProcessName:Shrimp Counting.exe(9916)     Description:[MV_CC_DestroyHandle]DeInit success     Solution:
Info    2022-08-30 09:00:40:0528  DevID:MV-CA003-21UM(00C41021506)  Source-Line:MvCameraControl.dll(CInterfaceManager.cpp-L0859)  ProcessName:Shrimp Counting.exe(12600)     Description:[U3V Info]Speed[768], DeviceAddress[3], VendorName[Hikvision], ManufacturerInfo[Hikvision], DeviceVersion[V1.4.0 180502 159998], UserID[CHP]     Solution:
Info    2022-08-30 09:00:40:0528  DevID:MV-CA003-21UM(00C41021506)  Source-Line:MvCameraControl.dll(CInterfaceManager.cpp-L0949)  ProcessName:Shrimp Counting.exe(12600)     Description:CameraControl Dll, Path[C:\Users\Admin\Desktop\Hao Phuong Shrimp Counting CPU\BasicDemo\MVCameraControl.dll]     Solution:
Info    2022-08-30 09:00:40:0528  DevID:MV-CA003-21UM(00C41021506)  Source-Line:MvCameraControl.dll(CInterfaceManager.cpp-L0952)  ProcessName:Shrimp Counting.exe(12600)     Description:[MV_CC_CreateHandle]IsWriteLog[1], Ret[0x0]     Solution:
Info    2022-08-30 09:00:40:0528  DevID:MV-CA003-21UM(00C41021506)  Source-Line:MvCameraControl.dll(CInterfaceManager.cpp-L7691)  ProcessName:Shrimp Counting.exe(12600)     Description:CamCtrl[0x3050004], U3V SDKVersion[0x3050004], DriverVersion[0x1000001]     Solution:
Info    2022-08-30 09:00:40:0614  DevID:MV-CA003-21UM(00C41021506)  Source-Line:MvCameraControl.dll(CInterfaceManager.cpp-L3134)  ProcessName:Shrimp Counting.exe(12600)     Description:[GetGenICamXML]Get XML success!     Solution:
Info    2022-08-30 09:00:40:0690  DevID:MV-CA003-21UM(00C41021506)  Source-Line:MvCameraControl.dll(CInterfaceManager.cpp-L4938)  ProcessName:Shrimp Counting.exe(12600)     Description:[MV_CC_InvalidateNodes]Invalidate Nodes success     Solution:
Info    2022-08-30 09:00:40:0691  DevID:MV-CA003-21UM(00C41021506)  Source-Line:MvCameraControl.dll(CInterfaceManager.cpp-L1392)  ProcessName:Shrimp Counting.exe(12600)     Description:[MV_CC_OpenDevice]Open device success! PrivilegeMode[1], SwitchoverKey[0], DeviceUptime[887]     Solution:
Info    2022-08-30 09:00:41:0717  DevID:MV-CA003-21UM(00C41021506)  Source-Line:MvCameraControl.dll(CInterfaceManager.cpp-L2121)  ProcessName:Shrimp Counting.exe(12600)     Description:[U3V]Start Grabbing, DeviceUptime[888]     Solution:
Info    2022-08-30 09:00:41:0721  DevID:MV-CA003-21UM(00C41021506)  Source-Line:MvCameraControl.dll(CInterfaceManager.cpp-L7312)  ProcessName:Shrimp Counting.exe(12600)     Description:CamCtrl RecvThread Start, ThreadId[9792]     Solution:
Info    2022-08-30 09:00:41:0721  DevID:MV-CA003-21UM(00C41021506)  Source-Line:MvCameraControl.dll(CInterfaceManager.cpp-L7122)  ProcessName:Shrimp Counting.exe(12600)     Description:CamCtrl Display Thread Start, ThreadId[9388]     Solution:
Info    2022-08-30 09:00:41:0731  DevID:MV-CA003-21UM(00C41021506)  Source-Line:MvCameraControl.dll(CInterfaceManager.cpp-L2271)  ProcessName:Shrimp Counting.exe(12600)     Description:Start grabbing success, There is no registration callback.     Solution:
Info    2022-08-30 09:00:41:0949  DevID:MV-CA003-21UM(00C41021506)  Source-Line:MvCameraControl.dll(MvCamRender.cpp-L0093)  ProcessName:Shrimp Counting.exe(12600)     Description:Render Mode GDI     Solution:
Info    2022-08-30 09:00:44:0826  DevID:MV-CA003-21UM(00C41021506)  Source-Line:MvCameraControl.dll(CInterfaceManager.cpp-L2387)  ProcessName:Shrimp Counting.exe(12600)     Description:[StopGrabbing]Stop grabbing success! DeviceUptime[891]     Solution:
Info    2022-08-30 09:00:45:0624  DevID:MV-CA003-21UM(00C41021506)  Source-Line:MvCameraControl.dll(CInterfaceManager.cpp-L7314)  ProcessName:Shrimp Counting.exe(12600)     Description:CamCtrl RecvThread End, ThreadId[9792]     Solution:
Info    2022-08-30 09:00:45:0624  DevID:MV-CA003-21UM(00C41021506)  Source-Line:MvCameraControl.dll(CInterfaceManager.cpp-L7124)  ProcessName:Shrimp Counting.exe(12600)     Description:CamCtrl Display Thread End, ThreadId[9388]     Solution:
Info    2022-08-30 09:00:45:0626  DevID:MV-CA003-21UM(00C41021506)  Source-Line:MvCameraControl.dll(CInterfaceManager.cpp-L1436)  ProcessName:Shrimp Counting.exe(12600)     Description:[CloseDevice]DeviceUptime[892]     Solution:
Info    2022-08-30 09:00:45:0670  DevID:MV-CA003-21UM(00C41021506)  Source-Line:MvCameraControl.dll(CInterfaceManager.cpp-L1498)  ProcessName:Shrimp Counting.exe(12600)     Description:[CloseDevice]Close device success!     Solution:
Info    2022-08-30 09:00:45:0670  DevID:MV-CA003-21UM(00C41021506)  Source-Line:MvCameraControl.dll(CInterfaceManager.cpp-L1064)  ProcessName:Shrimp Counting.exe(12600)     Description:[MV_CC_DestroyHandle]DeInit success     Solution:
Info    2022-08-30 10:01:24:0313  DevID:MV-CA003-21UM(00C41021506)  Source-Line:MvCameraControl.dll(CInterfaceManager.cpp-L0859)  ProcessName:Shrimp Counting.exe(4788)     Description:[U3V Info]Speed[768], DeviceAddress[3], VendorName[Hikvision], ManufacturerInfo[Hikvision], DeviceVersion[V1.4.0 180502 159998], UserID[CHP]     Solution:
Info    2022-08-30 10:01:24:0313  DevID:MV-CA003-21UM(00C41021506)  Source-Line:MvCameraControl.dll(CInterfaceManager.cpp-L0949)  ProcessName:Shrimp Counting.exe(4788)     Description:CameraControl Dll, Path[C:\Users\Admin\Desktop\Hao Phuong Shrimp Counting CPU\BasicDemo\MVCameraControl.dll]     Solution:
Info    2022-08-30 10:01:24:0313  DevID:MV-CA003-21UM(00C41021506)  Source-Line:MvCameraControl.dll(CInterfaceManager.cpp-L0952)  ProcessName:Shrimp Counting.exe(4788)     Description:[MV_CC_CreateHandle]IsWriteLog[1], Ret[0x0]     Solution:
Info    2022-08-30 10:01:24:0313  DevID:MV-CA003-21UM(00C41021506)  Source-Line:MvCameraControl.dll(CInterfaceManager.cpp-L7691)  ProcessName:Shrimp Counting.exe(4788)     Description:CamCtrl[0x3050004], U3V SDKVersion[0x3050004], DriverVersion[0x1000001]     Solution:
Info    2022-08-30 10:01:24:0394  DevID:MV-CA003-21UM(00C41021506)  Source-Line:MvCameraControl.dll(CInterfaceManager.cpp-L3134)  ProcessName:Shrimp Counting.exe(4788)     Description:[GetGenICamXML]Get XML success!     Solution:
Info    2022-08-30 10:01:24:0467  DevID:MV-CA003-21UM(00C41021506)  Source-Line:MvCameraControl.dll(CInterfaceManager.cpp-L4938)  ProcessName:Shrimp Counting.exe(4788)     Description:[MV_CC_InvalidateNodes]Invalidate Nodes success     Solution:
Info    2022-08-30 10:01:24:0468  DevID:MV-CA003-21UM(00C41021506)  Source-Line:MvCameraControl.dll(CInterfaceManager.cpp-L1392)  ProcessName:Shrimp Counting.exe(4788)     Description:[MV_CC_OpenDevice]Open device success! PrivilegeMode[1], SwitchoverKey[0], DeviceUptime[4531]     Solution:
Info    2022-08-30 10:01:25:0808  DevID:MV-CA003-21UM(00C41021506)  Source-Line:MvCameraControl.dll(CInterfaceManager.cpp-L1436)  ProcessName:Shrimp Counting.exe(4788)     Description:[CloseDevice]DeviceUptime[4532]     Solution:
Info    2022-08-30 10:01:26:0430  DevID:MV-CA003-21UM(00C41021506)  Source-Line:MvCameraControl.dll(CInterfaceManager.cpp-L1498)  ProcessName:Shrimp Counting.exe(4788)     Description:[CloseDevice]Close device success!     Solution:
Info    2022-08-30 10:01:26:0430  DevID:MV-CA003-21UM(00C41021506)  Source-Line:MvCameraControl.dll(CInterfaceManager.cpp-L1064)  ProcessName:Shrimp Counting.exe(4788)     Description:[MV_CC_DestroyHandle]DeInit success     Solution:
Info    2022-08-30 10:19:45:0514  DevID:MV-CA003-21UM(00C41021506)  Source-Line:MvCameraControl.dll(CInterfaceManager.cpp-L0859)  ProcessName:Shrimp Counting.exe(7388)     Description:[U3V Info]Speed[768], DeviceAddress[3], VendorName[Hikvision], ManufacturerInfo[Hikvision], DeviceVersion[V1.4.0 180502 159998], UserID[CHP]     Solution:
Info    2022-08-30 10:19:45:0514  DevID:MV-CA003-21UM(00C41021506)  Source-Line:MvCameraControl.dll(CInterfaceManager.cpp-L0949)  ProcessName:Shrimp Counting.exe(7388)     Description:CameraControl Dll, Path[C:\Users\Admin\Desktop\Hao Phuong Shrimp Counting CPU\BasicDemo\MVCameraControl.dll]     Solution:
Info    2022-08-30 10:19:45:0514  DevID:MV-CA003-21UM(00C41021506)  Source-Line:MvCameraControl.dll(CInterfaceManager.cpp-L0952)  ProcessName:Shrimp Counting.exe(7388)     Description:[MV_CC_CreateHandle]IsWriteLog[1], Ret[0x0]     Solution:
Info    2022-08-30 10:19:45:0515  DevID:MV-CA003-21UM(00C41021506)  Source-Line:MvCameraControl.dll(CInterfaceManager.cpp-L7691)  ProcessName:Shrimp Counting.exe(7388)     Description:CamCtrl[0x3050004], U3V SDKVersion[0x3050004], DriverVersion[0x1000001]     Solution:
Info    2022-08-30 10:19:45:0596  DevID:MV-CA003-21UM(00C41021506)  Source-Line:MvCameraControl.dll(CInterfaceManager.cpp-L3134)  ProcessName:Shrimp Counting.exe(7388)     Description:[GetGenICamXML]Get XML success!     Solution:
Info    2022-08-30 10:19:45:0665  DevID:MV-CA003-21UM(00C41021506)  Source-Line:MvCameraControl.dll(CInterfaceManager.cpp-L4938)  ProcessName:Shrimp Counting.exe(7388)     Description:[MV_CC_InvalidateNodes]Invalidate Nodes success     Solution:
Info    2022-08-30 10:19:45:0666  DevID:MV-CA003-21UM(00C41021506)  Source-Line:MvCameraControl.dll(CInterfaceManager.cpp-L1392)  ProcessName:Shrimp Counting.exe(7388)     Description:[MV_CC_OpenDevice]Open device success! PrivilegeMode[1], SwitchoverKey[0], DeviceUptime[5632]     Solution:
Info    2022-08-30 10:19:46:0662  DevID:MV-CA003-21UM(00C41021506)  Source-Line:MvCameraControl.dll(CInterfaceManager.cpp-L1436)  ProcessName:Shrimp Counting.exe(7388)     Description:[CloseDevice]DeviceUptime[5633]     Solution:
Info    2022-08-30 10:19:47:0634  DevID:MV-CA003-21UM(00C41021506)  Source-Line:MvCameraControl.dll(CInterfaceManager.cpp-L1498)  ProcessName:Shrimp Counting.exe(7388)     Description:[CloseDevice]Close device success!     Solution:
Info    2022-08-30 10:19:47:0634  DevID:MV-CA003-21UM(00C41021506)  Source-Line:MvCameraControl.dll(CInterfaceManager.cpp-L1064)  ProcessName:Shrimp Counting.exe(7388)     Description:[MV_CC_DestroyHandle]DeInit success     Solution:
Info    2022-08-30 10:45:53:0846  DevID:MV-CA003-21UM(00C41021506)  Source-Line:MvCameraControl.dll(CInterfaceManager.cpp-L0859)  ProcessName:Shrimp Counting.exe(724)     Description:[U3V Info]Speed[768], DeviceAddress[5], VendorName[Hikvision], ManufacturerInfo[Hikvision], DeviceVersion[V1.4.0 180502 159998], UserID[CHP]     Solution:
Info    2022-08-30 10:45:53:0846  DevID:MV-CA003-21UM(00C41021506)  Source-Line:MvCameraControl.dll(CInterfaceManager.cpp-L0949)  ProcessName:Shrimp Counting.exe(724)     Description:CameraControl Dll, Path[C:\Users\Admin\Desktop\Hao Phuong Shrimp Counting CPU\BasicDemo\MVCameraControl.dll]     Solution:
Info    2022-08-30 10:45:53:0846  DevID:MV-CA003-21UM(00C41021506)  Source-Line:MvCameraControl.dll(CInterfaceManager.cpp-L0952)  ProcessName:Shrimp Counting.exe(724)     Description:[MV_CC_CreateHandle]IsWriteLog[1], Ret[0x0]     Solution:
Info    2022-08-30 10:45:53:0847  DevID:MV-CA003-21UM(00C41021506)  Source-Line:MvCameraControl.dll(CInterfaceManager.cpp-L7691)  ProcessName:Shrimp Counting.exe(724)     Description:CamCtrl[0x3050004], U3V SDKVersion[0x3050004], DriverVersion[0x1000001]     Solution:
Info    2022-08-30 10:45:53:0928  DevID:MV-CA003-21UM(00C41021506)  Source-Line:MvCameraControl.dll(CInterfaceManager.cpp-L3134)  ProcessName:Shrimp Counting.exe(724)     Description:[GetGenICamXML]Get XML success!     Solution:
Info    2022-08-30 10:45:53:0998  DevID:MV-CA003-21UM(00C41021506)  Source-Line:MvCameraControl.dll(CInterfaceManager.cpp-L4938)  ProcessName:Shrimp Counting.exe(724)     Description:[MV_CC_InvalidateNodes]Invalidate Nodes success     Solution:
Info    2022-08-30 10:45:53:0999  DevID:MV-CA003-21UM(00C41021506)  Source-Line:MvCameraControl.dll(CInterfaceManager.cpp-L1392)  ProcessName:Shrimp Counting.exe(724)     Description:[MV_CC_OpenDevice]Open device success! PrivilegeMode[1], SwitchoverKey[0], DeviceUptime[6]     Solution:
Info    2022-08-30 10:45:55:0445  DevID:MV-CA003-21UM(00C41021506)  Source-Line:MvCameraControl.dll(CInterfaceManager.cpp-L2121)  ProcessName:Shrimp Counting.exe(724)     Description:[U3V]Start Grabbing, DeviceUptime[7]     Solution:
Info    2022-08-30 10:45:55:0448  DevID:MV-CA003-21UM(00C41021506)  Source-Line:MvCameraControl.dll(CInterfaceManager.cpp-L7122)  ProcessName:Shrimp Counting.exe(724)     Description:CamCtrl Display Thread Start, ThreadId[15228]     Solution:
Info    2022-08-30 10:45:55:0449  DevID:MV-CA003-21UM(00C41021506)  Source-Line:MvCameraControl.dll(CInterfaceManager.cpp-L7312)  ProcessName:Shrimp Counting.exe(724)     Description:CamCtrl RecvThread Start, ThreadId[8656]     Solution:
Info    2022-08-30 10:45:55:0458  DevID:MV-CA003-21UM(00C41021506)  Source-Line:MvCameraControl.dll(CInterfaceManager.cpp-L2271)  ProcessName:Shrimp Counting.exe(724)     Description:Start grabbing success, There is no registration callback.     Solution:
Info    2022-08-30 10:45:55:0676  DevID:MV-CA003-21UM(00C41021506)  Source-Line:MvCameraControl.dll(MvCamRender.cpp-L0093)  ProcessName:Shrimp Counting.exe(724)     Description:Render Mode GDI     Solution:
Info    2022-08-30 10:46:03:0253  DevID:MV-CA003-21UM(00C41021506)  Source-Line:MvCameraControl.dll(CInterfaceManager.cpp-L2387)  ProcessName:Shrimp Counting.exe(724)     Description:[StopGrabbing]Stop grabbing success! DeviceUptime[15]     Solution:
Info    2022-08-30 10:46:05:0830  DevID:MV-CA003-21UM(00C41021506)  Source-Line:MvCameraControl.dll(CInterfaceManager.cpp-L2121)  ProcessName:Shrimp Counting.exe(724)     Description:[U3V]Start Grabbing, DeviceUptime[17]     Solution:
Info    2022-08-30 10:46:05:0842  DevID:MV-CA003-21UM(00C41021506)  Source-Line:MvCameraControl.dll(CInterfaceManager.cpp-L2271)  ProcessName:Shrimp Counting.exe(724)     Description:Start grabbing success, There is no registration callback.     Solution:
Info    2022-08-30 10:46:06:0049  DevID:MV-CA003-21UM(00C41021506)  Source-Line:MvCameraControl.dll(MvCamRender.cpp-L0093)  ProcessName:Shrimp Counting.exe(724)     Description:Render Mode GDI     Solution:
Info    2022-08-30 10:46:19:0869  DevID:MV-CA003-21UM(00C41021506)  Source-Line:MvCameraControl.dll(CInterfaceManager.cpp-L2387)  ProcessName:Shrimp Counting.exe(724)     Description:[StopGrabbing]Stop grabbing success! DeviceUptime[31]     Solution:
Info    2022-08-30 10:46:21:0114  DevID:MV-CA003-21UM(00C41021506)  Source-Line:MvCameraControl.dll(CInterfaceManager.cpp-L7124)  ProcessName:Shrimp Counting.exe(724)     Description:CamCtrl Display Thread End, ThreadId[15228]     Solution:
Info    2022-08-30 10:46:21:0114  DevID:MV-CA003-21UM(00C41021506)  Source-Line:MvCameraControl.dll(CInterfaceManager.cpp-L7314)  ProcessName:Shrimp Counting.exe(724)     Description:CamCtrl RecvThread End, ThreadId[8656]     Solution:
Info    2022-08-30 10:46:21:0114  DevID:MV-CA003-21UM(00C41021506)  Source-Line:MvCameraControl.dll(CInterfaceManager.cpp-L1436)  ProcessName:Shrimp Counting.exe(724)     Description:[CloseDevice]DeviceUptime[33]     Solution:
Info    2022-08-30 10:46:22:0118  DevID:MV-CA003-21UM(00C41021506)  Source-Line:MvCameraControl.dll(CInterfaceManager.cpp-L1498)  ProcessName:Shrimp Counting.exe(724)     Description:[CloseDevice]Close device success!     Solution:
Info    2022-08-30 10:46:22:0118  DevID:MV-CA003-21UM(00C41021506)  Source-Line:MvCameraControl.dll(CInterfaceManager.cpp-L1064)  ProcessName:Shrimp Counting.exe(724)     Description:[MV_CC_DestroyHandle]DeInit success     Solution:
Info    2022-08-31 10:04:40:0001  DevID:MV-CA003-21UM(00C41021506)  Source-Line:MvCameraControl.dll(CInterfaceManager.cpp-L0859)  ProcessName:Shrimps Counting.exe(11532)     Description:[U3V Info]Speed[768], DeviceAddress[3], VendorName[Hikvision], ManufacturerInfo[Hikvision], DeviceVersion[V1.4.0 180502 159998], UserID[CHP]     Solution:
Info    2022-08-31 10:04:40:0001  DevID:MV-CA003-21UM(00C41021506)  Source-Line:MvCameraControl.dll(CInterfaceManager.cpp-L0949)  ProcessName:Shrimps Counting.exe(11532)     Description:CameraControl Dll, Path[C:\Users\Admin\Desktop\Hao Phuong Shrimp Counting CPU\BasicDemo\MVCameraControl.dll]     Solution:
Info    2022-08-31 10:04:40:0001  DevID:MV-CA003-21UM(00C41021506)  Source-Line:MvCameraControl.dll(CInterfaceManager.cpp-L0952)  ProcessName:Shrimps Counting.exe(11532)     Description:[MV_CC_CreateHandle]IsWriteLog[1], Ret[0x0]     Solution:
Info    2022-08-31 10:04:40:0001  DevID:MV-CA003-21UM(00C41021506)  Source-Line:MvCameraControl.dll(CInterfaceManager.cpp-L7691)  ProcessName:Shrimps Counting.exe(11532)     Description:CamCtrl[0x3050004], U3V SDKVersion[0x3050004], DriverVersion[0x1000001]     Solution:
Info    2022-08-31 10:04:40:0089  DevID:MV-CA003-21UM(00C41021506)  Source-Line:MvCameraControl.dll(CInterfaceManager.cpp-L3134)  ProcessName:Shrimps Counting.exe(11532)     Description:[GetGenICamXML]Get XML success!     Solution:
Info    2022-08-31 10:04:40:0172  DevID:MV-CA003-21UM(00C41021506)  Source-Line:MvCameraControl.dll(CInterfaceManager.cpp-L4938)  ProcessName:Shrimps Counting.exe(11532)     Description:[MV_CC_InvalidateNodes]Invalidate Nodes success     Solution:
Info    2022-08-31 10:04:40:0172  DevID:MV-CA003-21UM(00C41021506)  Source-Line:MvCameraControl.dll(CInterfaceManager.cpp-L1392)  ProcessName:Shrimps Counting.exe(11532)     Description:[MV_CC_OpenDevice]Open device success! PrivilegeMode[1], SwitchoverKey[0], DeviceUptime[11]     Solution:
Info    2022-08-31 10:04:41:0500  DevID:MV-CA003-21UM(00C41021506)  Source-Line:MvCameraControl.dll(CInterfaceManager.cpp-L2121)  ProcessName:Shrimps Counting.exe(11532)     Description:[U3V]Start Grabbing, DeviceUptime[13]     Solution:
Info    2022-08-31 10:04:41:0505  DevID:MV-CA003-21UM(00C41021506)  Source-Line:MvCameraControl.dll(CInterfaceManager.cpp-L7122)  ProcessName:Shrimps Counting.exe(11532)     Description:CamCtrl Display Thread Start, ThreadId[16484]     Solution:
Info    2022-08-31 10:04:41:0505  DevID:MV-CA003-21UM(00C41021506)  Source-Line:MvCameraControl.dll(CInterfaceManager.cpp-L7312)  ProcessName:Shrimps Counting.exe(11532)     Description:CamCtrl RecvThread Start, ThreadId[16636]     Solution:
Info    2022-08-31 10:04:41:0513  DevID:MV-CA003-21UM(00C41021506)  Source-Line:MvCameraControl.dll(CInterfaceManager.cpp-L2271)  ProcessName:Shrimps Counting.exe(11532)     Description:Start grabbing success, There is no registration callback.     Solution:
Info    2022-08-31 10:04:41:0735  DevID:MV-CA003-21UM(00C41021506)  Source-Line:MvCameraControl.dll(MvCamRender.cpp-L0093)  ProcessName:Shrimps Counting.exe(11532)     Description:Render Mode GDI     Solution:
Info    2022-08-31 10:04:45:0592  DevID:MV-CA003-21UM(00C41021506)  Source-Line:MvCameraControl.dll(CInterfaceManager.cpp-L2387)  ProcessName:Shrimps Counting.exe(11532)     Description:[StopGrabbing]Stop grabbing success! DeviceUptime[17]     Solution:
Info    2022-08-31 10:10:40:0811  DevID:MV-CA003-21UM(00C41021506)  Source-Line:MvCameraControl.dll(CInterfaceManager.cpp-L0859)  ProcessName:Shrimps Counting.exe(12564)     Description:[U3V Info]Speed[768], DeviceAddress[3], VendorName[Hikvision], ManufacturerInfo[Hikvision], DeviceVersion[V1.4.0 180502 159998], UserID[CHP]     Solution:
Info    2022-08-31 10:10:40:0811  DevID:MV-CA003-21UM(00C41021506)  Source-Line:MvCameraControl.dll(CInterfaceManager.cpp-L0949)  ProcessName:Shrimps Counting.exe(12564)     Description:CameraControl Dll, Path[C:\Users\Admin\Desktop\Hao Phuong Shrimp Counting CPU\BasicDemo\MVCameraControl.dll]     Solution:
Info    2022-08-31 10:10:40:0811  DevID:MV-CA003-21UM(00C41021506)  Source-Line:MvCameraControl.dll(CInterfaceManager.cpp-L0952)  ProcessName:Shrimps Counting.exe(12564)     Description:[MV_CC_CreateHandle]IsWriteLog[1], Ret[0x0]     Solution:
Info    2022-08-31 10:10:40:0811  DevID:MV-CA003-21UM(00C41021506)  Source-Line:MvCameraControl.dll(CInterfaceManager.cpp-L7691)  ProcessName:Shrimps Counting.exe(12564)     Description:CamCtrl[0x3050004], U3V SDKVersion[0x3050004], DriverVersion[0x1000001]     Solution:
Info    2022-08-31 10:10:40:0893  DevID:MV-CA003-21UM(00C41021506)  Source-Line:MvCameraControl.dll(CInterfaceManager.cpp-L3134)  ProcessName:Shrimps Counting.exe(12564)     Description:[GetGenICamXML]Get XML success!     Solution:
Info    2022-08-31 10:10:40:0943  DevID:MV-CA003-21UM(00C41021506)  Source-Line:MvCameraControl.dll(CInterfaceManager.cpp-L4938)  ProcessName:Shrimps Counting.exe(12564)     Description:[MV_CC_InvalidateNodes]Invalidate Nodes success     Solution:
Info    2022-08-31 10:10:40:0943  DevID:MV-CA003-21UM(00C41021506)  Source-Line:MvCameraControl.dll(CInterfaceManager.cpp-L1392)  ProcessName:Shrimps Counting.exe(12564)     Description:[MV_CC_OpenDevice]Open device success! PrivilegeMode[1], SwitchoverKey[0], DeviceUptime[372]     Solution:
Info    2022-08-31 10:10:42:0164  DevID:MV-CA003-21UM(00C41021506)  Source-Line:MvCameraControl.dll(CInterfaceManager.cpp-L2121)  ProcessName:Shrimps Counting.exe(12564)     Description:[U3V]Start Grabbing, DeviceUptime[373]     Solution:
Info    2022-08-31 10:10:42:0168  DevID:MV-CA003-21UM(00C41021506)  Source-Line:MvCameraControl.dll(CInterfaceManager.cpp-L7312)  ProcessName:Shrimps Counting.exe(12564)     Description:CamCtrl RecvThread Start, ThreadId[10484]     Solution:
Info    2022-08-31 10:10:42:0168  DevID:MV-CA003-21UM(00C41021506)  Source-Line:MvCameraControl.dll(CInterfaceManager.cpp-L7122)  ProcessName:Shrimps Counting.exe(12564)     Description:CamCtrl Display Thread Start, ThreadId[5280]     Solution:
Info    2022-08-31 10:10:42:0177  DevID:MV-CA003-21UM(00C41021506)  Source-Line:MvCameraControl.dll(CInterfaceManager.cpp-L2271)  ProcessName:Shrimps Counting.exe(12564)     Description:Start grabbing success, There is no registration callback.     Solution:
Info    2022-08-31 10:10:42:0388  DevID:MV-CA003-21UM(00C41021506)  Source-Line:MvCameraControl.dll(MvCamRender.cpp-L0093)  ProcessName:Shrimps Counting.exe(12564)     Description:Render Mode GDI     Solution:
Info    2022-08-31 10:10:50:0762  DevID:MV-CA003-21UM(00C41021506)  Source-Line:MvCameraControl.dll(CInterfaceManager.cpp-L2387)  ProcessName:Shrimps Counting.exe(12564)     Description:[StopGrabbing]Stop grabbing success! DeviceUptime[382]     Solution:
Info    2022-08-31 10:11:07:0078  DevID:MV-CA003-21UM(00C41021506)  Source-Line:MvCameraControl.dll(CInterfaceManager.cpp-L2121)  ProcessName:Shrimps Counting.exe(12564)     Description:[U3V]Start Grabbing, DeviceUptime[398]     Solution:
Info    2022-08-31 10:11:07:0089  DevID:MV-CA003-21UM(00C41021506)  Source-Line:MvCameraControl.dll(CInterfaceManager.cpp-L2271)  ProcessName:Shrimps Counting.exe(12564)     Description:Start grabbing success, There is no registration callback.     Solution:
Info    2022-08-31 10:11:07:0299  DevID:MV-CA003-21UM(00C41021506)  Source-Line:MvCameraControl.dll(MvCamRender.cpp-L0093)  ProcessName:Shrimps Counting.exe(12564)     Description:Render Mode GDI     Solution:
Info    2022-08-31 10:11:23:0345  DevID:MV-CA003-21UM(00C41021506)  Source-Line:MvCameraControl.dll(CInterfaceManager.cpp-L2387)  ProcessName:Shrimps Counting.exe(12564)     Description:[StopGrabbing]Stop grabbing success! DeviceUptime[414]     Solution:
Info    2022-08-31 10:11:24:0134  DevID:MV-CA003-21UM(00C41021506)  Source-Line:MvCameraControl.dll(CInterfaceManager.cpp-L7124)  ProcessName:Shrimps Counting.exe(12564)     Description:CamCtrl Display Thread End, ThreadId[5280]     Solution:
Info    2022-08-31 10:11:24:0134  DevID:MV-CA003-21UM(00C41021506)  Source-Line:MvCameraControl.dll(CInterfaceManager.cpp-L7314)  ProcessName:Shrimps Counting.exe(12564)     Description:CamCtrl RecvThread End, ThreadId[10484]     Solution:
Info    2022-08-31 10:11:24:0134  DevID:MV-CA003-21UM(00C41021506)  Source-Line:MvCameraControl.dll(CInterfaceManager.cpp-L1436)  ProcessName:Shrimps Counting.exe(12564)     Description:[CloseDevice]DeviceUptime[415]     Solution:
Info    2022-08-31 10:11:24:0335  DevID:MV-CA003-21UM(00C41021506)  Source-Line:MvCameraControl.dll(CInterfaceManager.cpp-L1498)  ProcessName:Shrimps Counting.exe(12564)     Description:[CloseDevice]Close device success!     Solution:
Info    2022-08-31 10:11:24:0335  DevID:MV-CA003-21UM(00C41021506)  Source-Line:MvCameraControl.dll(CInterfaceManager.cpp-L1064)  ProcessName:Shrimps Counting.exe(12564)     Description:[MV_CC_DestroyHandle]DeInit success     Solution:
Info    2022-08-31 10:14:14:0464  DevID:MV-CA003-21UM(00C41021506)  Source-Line:MvCameraControl.dll(CInterfaceManager.cpp-L0859)  ProcessName:Shrimps Counting.exe(8636)     Description:[U3V Info]Speed[768], DeviceAddress[3], VendorName[Hikvision], ManufacturerInfo[Hikvision], DeviceVersion[V1.4.0 180502 159998], UserID[CHP]     Solution:
Info    2022-08-31 10:14:14:0464  DevID:MV-CA003-21UM(00C41021506)  Source-Line:MvCameraControl.dll(CInterfaceManager.cpp-L0949)  ProcessName:Shrimps Counting.exe(8636)     Description:CameraControl Dll, Path[C:\Users\Admin\Desktop\Hao Phuong Shrimp Counting CPU\BasicDemo\MVCameraControl.dll]     Solution:
Info    2022-08-31 10:14:14:0464  DevID:MV-CA003-21UM(00C41021506)  Source-Line:MvCameraControl.dll(CInterfaceManager.cpp-L0952)  ProcessName:Shrimps Counting.exe(8636)     Description:[MV_CC_CreateHandle]IsWriteLog[1], Ret[0x0]     Solution:
Info    2022-08-31 10:14:14:0464  DevID:MV-CA003-21UM(00C41021506)  Source-Line:MvCameraControl.dll(CInterfaceManager.cpp-L7691)  ProcessName:Shrimps Counting.exe(8636)     Description:CamCtrl[0x3050004], U3V SDKVersion[0x3050004], DriverVersion[0x1000001]     Solution:
Info    2022-08-31 10:14:14:0545  DevID:MV-CA003-21UM(00C41021506)  Source-Line:MvCameraControl.dll(CInterfaceManager.cpp-L3134)  ProcessName:Shrimps Counting.exe(8636)     Description:[GetGenICamXML]Get XML success!     Solution:
Info    2022-08-31 10:14:14:0594  DevID:MV-CA003-21UM(00C41021506)  Source-Line:MvCameraControl.dll(CInterfaceManager.cpp-L4938)  ProcessName:Shrimps Counting.exe(8636)     Description:[MV_CC_InvalidateNodes]Invalidate Nodes success     Solution:
Info    2022-08-31 10:14:14:0594  DevID:MV-CA003-21UM(00C41021506)  Source-Line:MvCameraControl.dll(CInterfaceManager.cpp-L1392)  ProcessName:Shrimps Counting.exe(8636)     Description:[MV_CC_OpenDevice]Open device success! PrivilegeMode[1], SwitchoverKey[0], DeviceUptime[586]     Solution:
Info    2022-08-31 10:14:15:0116  DevID:MV-CA003-21UM(00C41021506)  Source-Line:MvCameraControl.dll(CInterfaceManager.cpp-L2121)  ProcessName:Shrimps Counting.exe(8636)     Description:[U3V]Start Grabbing, DeviceUptime[586]     Solution:
Info    2022-08-31 10:14:15:0120  DevID:MV-CA003-21UM(00C41021506)  Source-Line:MvCameraControl.dll(CInterfaceManager.cpp-L7312)  ProcessName:Shrimps Counting.exe(8636)     Description:CamCtrl RecvThread Start, ThreadId[16336]     Solution:
Info    2022-08-31 10:14:15:0120  DevID:MV-CA003-21UM(00C41021506)  Source-Line:MvCameraControl.dll(CInterfaceManager.cpp-L7122)  ProcessName:Shrimps Counting.exe(8636)     Description:CamCtrl Display Thread Start, ThreadId[3904]     Solution:
Info    2022-08-31 10:14:15:0128  DevID:MV-CA003-21UM(00C41021506)  Source-Line:MvCameraControl.dll(CInterfaceManager.cpp-L2271)  ProcessName:Shrimps Counting.exe(8636)     Description:Start grabbing success, There is no registration callback.     Solution:
Info    2022-08-31 10:14:15:0339  DevID:MV-CA003-21UM(00C41021506)  Source-Line:MvCameraControl.dll(MvCamRender.cpp-L0093)  ProcessName:Shrimps Counting.exe(8636)     Description:Render Mode GDI     Solution:
Info    2022-08-31 10:14:18:0220  DevID:MV-CA003-21UM(00C41021506)  Source-Line:MvCameraControl.dll(CInterfaceManager.cpp-L2387)  ProcessName:Shrimps Counting.exe(8636)     Description:[StopGrabbing]Stop grabbing success! DeviceUptime[589]     Solution:
Info    2022-08-31 10:14:18:0936  DevID:MV-CA003-21UM(00C41021506)  Source-Line:MvCameraControl.dll(CInterfaceManager.cpp-L7124)  ProcessName:Shrimps Counting.exe(8636)     Description:CamCtrl Display Thread End, ThreadId[3904]     Solution:
Info    2022-08-31 10:14:18:0936  DevID:MV-CA003-21UM(00C41021506)  Source-Line:MvCameraControl.dll(CInterfaceManager.cpp-L7314)  ProcessName:Shrimps Counting.exe(8636)     Description:CamCtrl RecvThread End, ThreadId[16336]     Solution:
Info    2022-08-31 10:14:18:0937  DevID:MV-CA003-21UM(00C41021506)  Source-Line:MvCameraControl.dll(CInterfaceManager.cpp-L1436)  ProcessName:Shrimps Counting.exe(8636)     Description:[CloseDevice]DeviceUptime[590]     Solution:
Info    2022-08-31 10:14:19:0612  DevID:MV-CA003-21UM(00C41021506)  Source-Line:MvCameraControl.dll(CInterfaceManager.cpp-L1498)  ProcessName:Shrimps Counting.exe(8636)     Description:[CloseDevice]Close device success!     Solution:
Info    2022-08-31 10:14:19:0612  DevID:MV-CA003-21UM(00C41021506)  Source-Line:MvCameraControl.dll(CInterfaceManager.cpp-L1064)  ProcessName:Shrimps Counting.exe(8636)     Description:[MV_CC_DestroyHandle]DeInit success     Solution:
Info    2022-08-31 10:14:31:0987  DevID:MV-CA003-21UM(00C41021506)  Source-Line:MvCameraControl.dll(CInterfaceManager.cpp-L0859)  ProcessName:Shrimps Counting.exe(13288)     Description:[U3V Info]Speed[768], DeviceAddress[3], VendorName[Hikvision], ManufacturerInfo[Hikvision], DeviceVersion[V1.4.0 180502 159998], UserID[CHP]     Solution:
Info    2022-08-31 10:14:31:0987  DevID:MV-CA003-21UM(00C41021506)  Source-Line:MvCameraControl.dll(CInterfaceManager.cpp-L0949)  ProcessName:Shrimps Counting.exe(13288)     Description:CameraControl Dll, Path[C:\Users\Admin\Desktop\Hao Phuong Shrimp Counting CPU\BasicDemo\MVCameraControl.dll]     Solution:
Info    2022-08-31 10:14:31:0987  DevID:MV-CA003-21UM(00C41021506)  Source-Line:MvCameraControl.dll(CInterfaceManager.cpp-L0952)  ProcessName:Shrimps Counting.exe(13288)     Description:[MV_CC_CreateHandle]IsWriteLog[1], Ret[0x0]     Solution:
Info    2022-08-31 10:14:31:0987  DevID:MV-CA003-21UM(00C41021506)  Source-Line:MvCameraControl.dll(CInterfaceManager.cpp-L7691)  ProcessName:Shrimps Counting.exe(13288)     Description:CamCtrl[0x3050004], U3V SDKVersion[0x3050004], DriverVersion[0x1000001]     Solution:
Info    2022-08-31 10:14:32:0069  DevID:MV-CA003-21UM(00C41021506)  Source-Line:MvCameraControl.dll(CInterfaceManager.cpp-L3134)  ProcessName:Shrimps Counting.exe(13288)     Description:[GetGenICamXML]Get XML success!     Solution:
Info    2022-08-31 10:14:32:0119  DevID:MV-CA003-21UM(00C41021506)  Source-Line:MvCameraControl.dll(CInterfaceManager.cpp-L4938)  ProcessName:Shrimps Counting.exe(13288)     Description:[MV_CC_InvalidateNodes]Invalidate Nodes success     Solution:
Info    2022-08-31 10:14:32:0120  DevID:MV-CA003-21UM(00C41021506)  Source-Line:MvCameraControl.dll(CInterfaceManager.cpp-L1392)  ProcessName:Shrimps Counting.exe(13288)     Description:[MV_CC_OpenDevice]Open device success! PrivilegeMode[1], SwitchoverKey[0], DeviceUptime[603]     Solution:
Info    2022-08-31 10:14:32:0728  DevID:MV-CA003-21UM(00C41021506)  Source-Line:MvCameraControl.dll(CInterfaceManager.cpp-L2121)  ProcessName:Shrimps Counting.exe(13288)     Description:[U3V]Start Grabbing, DeviceUptime[604]     Solution:
Info    2022-08-31 10:14:32:0732  DevID:MV-CA003-21UM(00C41021506)  Source-Line:MvCameraControl.dll(CInterfaceManager.cpp-L7312)  ProcessName:Shrimps Counting.exe(13288)     Description:CamCtrl RecvThread Start, ThreadId[11732]     Solution:
Info    2022-08-31 10:14:32:0732  DevID:MV-CA003-21UM(00C41021506)  Source-Line:MvCameraControl.dll(CInterfaceManager.cpp-L7122)  ProcessName:Shrimps Counting.exe(13288)     Description:CamCtrl Display Thread Start, ThreadId[18292]     Solution:
Info    2022-08-31 10:14:32:0741  DevID:MV-CA003-21UM(00C41021506)  Source-Line:MvCameraControl.dll(CInterfaceManager.cpp-L2271)  ProcessName:Shrimps Counting.exe(13288)     Description:Start grabbing success, There is no registration callback.     Solution:
Info    2022-08-31 10:14:32:0955  DevID:MV-CA003-21UM(00C41021506)  Source-Line:MvCameraControl.dll(MvCamRender.cpp-L0093)  ProcessName:Shrimps Counting.exe(13288)     Description:Render Mode GDI     Solution:
Info    2022-08-31 10:14:49:0149  DevID:MV-CA003-21UM(00C41021506)  Source-Line:MvCameraControl.dll(CInterfaceManager.cpp-L2387)  ProcessName:Shrimps Counting.exe(13288)     Description:[StopGrabbing]Stop grabbing success! DeviceUptime[620]     Solution:
Info    2022-08-31 10:14:50:0321  DevID:MV-CA003-21UM(00C41021506)  Source-Line:MvCameraControl.dll(CInterfaceManager.cpp-L7314)  ProcessName:Shrimps Counting.exe(13288)     Description:CamCtrl RecvThread End, ThreadId[11732]     Solution:
Info    2022-08-31 10:14:50:0321  DevID:MV-CA003-21UM(00C41021506)  Source-Line:MvCameraControl.dll(CInterfaceManager.cpp-L7124)  ProcessName:Shrimps Counting.exe(13288)     Description:CamCtrl Display Thread End, ThreadId[18292]     Solution:
Info    2022-08-31 10:14:50:0322  DevID:MV-CA003-21UM(00C41021506)  Source-Line:MvCameraControl.dll(CInterfaceManager.cpp-L1436)  ProcessName:Shrimps Counting.exe(13288)     Description:[CloseDevice]DeviceUptime[621]     Solution:
Info    2022-08-31 10:14:51:0288  DevID:MV-CA003-21UM(00C41021506)  Source-Line:MvCameraControl.dll(CInterfaceManager.cpp-L1498)  ProcessName:Shrimps Counting.exe(13288)     Description:[CloseDevice]Close device success!     Solution:
Info    2022-08-31 10:14:51:0288  DevID:MV-CA003-21UM(00C41021506)  Source-Line:MvCameraControl.dll(CInterfaceManager.cpp-L1064)  ProcessName:Shrimps Counting.exe(13288)     Description:[MV_CC_DestroyHandle]DeInit success     Solution:
Info    2022-08-31 10:22:13:0002  DevID:MV-CA003-21UM(00C41021506)  Source-Line:MvCameraControl.dll(CInterfaceManager.cpp-L0859)  ProcessName:Shrimps Counting.exe(1760)     Description:[U3V Info]Speed[768], DeviceAddress[3], VendorName[Hikvision], ManufacturerInfo[Hikvision], DeviceVersion[V1.4.0 180502 159998], UserID[CHP]     Solution:
Info    2022-08-31 10:22:13:0002  DevID:MV-CA003-21UM(00C41021506)  Source-Line:MvCameraControl.dll(CInterfaceManager.cpp-L0949)  ProcessName:Shrimps Counting.exe(1760)     Description:CameraControl Dll, Path[C:\Users\Admin\Desktop\Hao Phuong Shrimp Counting CPU\BasicDemo\MVCameraControl.dll]     Solution:
Info    2022-08-31 10:22:13:0002  DevID:MV-CA003-21UM(00C41021506)  Source-Line:MvCameraControl.dll(CInterfaceManager.cpp-L0952)  ProcessName:Shrimps Counting.exe(1760)     Description:[MV_CC_CreateHandle]IsWriteLog[1], Ret[0x0]     Solution:
Info    2022-08-31 10:22:13:0002  DevID:MV-CA003-21UM(00C41021506)  Source-Line:MvCameraControl.dll(CInterfaceManager.cpp-L7691)  ProcessName:Shrimps Counting.exe(1760)     Description:CamCtrl[0x3050004], U3V SDKVersion[0x3050004], DriverVersion[0x1000001]     Solution:
Info    2022-08-31 10:22:13:0082  DevID:MV-CA003-21UM(00C41021506)  Source-Line:MvCameraControl.dll(CInterfaceManager.cpp-L3134)  ProcessName:Shrimps Counting.exe(1760)     Description:[GetGenICamXML]Get XML success!     Solution:
Info    2022-08-31 10:22:13:0132  DevID:MV-CA003-21UM(00C41021506)  Source-Line:MvCameraControl.dll(CInterfaceManager.cpp-L4938)  ProcessName:Shrimps Counting.exe(1760)     Description:[MV_CC_InvalidateNodes]Invalidate Nodes success     Solution:
Info    2022-08-31 10:22:13:0132  DevID:MV-CA003-21UM(00C41021506)  Source-Line:MvCameraControl.dll(CInterfaceManager.cpp-L1392)  ProcessName:Shrimps Counting.exe(1760)     Description:[MV_CC_OpenDevice]Open device success! PrivilegeMode[1], SwitchoverKey[0], DeviceUptime[1064]     Solution:
Info    2022-08-31 10:22:14:0758  DevID:MV-CA003-21UM(00C41021506)  Source-Line:MvCameraControl.dll(CInterfaceManager.cpp-L2121)  ProcessName:Shrimps Counting.exe(1760)     Description:[U3V]Start Grabbing, DeviceUptime[1066]     Solution:
Info    2022-08-31 10:22:14:0762  DevID:MV-CA003-21UM(00C41021506)  Source-Line:MvCameraControl.dll(CInterfaceManager.cpp-L7312)  ProcessName:Shrimps Counting.exe(1760)     Description:CamCtrl RecvThread Start, ThreadId[10148]     Solution:
Info    2022-08-31 10:22:14:0762  DevID:MV-CA003-21UM(00C41021506)  Source-Line:MvCameraControl.dll(CInterfaceManager.cpp-L7122)  ProcessName:Shrimps Counting.exe(1760)     Description:CamCtrl Display Thread Start, ThreadId[14776]     Solution:
Info    2022-08-31 10:22:14:0771  DevID:MV-CA003-21UM(00C41021506)  Source-Line:MvCameraControl.dll(CInterfaceManager.cpp-L2271)  ProcessName:Shrimps Counting.exe(1760)     Description:Start grabbing success, There is no registration callback.     Solution:
Info    2022-08-31 10:22:14:0985  DevID:MV-CA003-21UM(00C41021506)  Source-Line:MvCameraControl.dll(MvCamRender.cpp-L0093)  ProcessName:Shrimps Counting.exe(1760)     Description:Render Mode GDI     Solution:
Info    2022-08-31 10:22:17:0686  DevID:MV-CA003-21UM(00C41021506)  Source-Line:MvCameraControl.dll(CInterfaceManager.cpp-L2387)  ProcessName:Shrimps Counting.exe(1760)     Description:[StopGrabbing]Stop grabbing success! DeviceUptime[1069]     Solution:
Info    2022-08-31 10:22:31:0303  DevID:MV-CA003-21UM(00C41021506)  Source-Line:MvCameraControl.dll(CInterfaceManager.cpp-L7124)  ProcessName:Shrimps Counting.exe(1760)     Description:CamCtrl Display Thread End, ThreadId[14776]     Solution:
Info    2022-08-31 10:22:31:0303  DevID:MV-CA003-21UM(00C41021506)  Source-Line:MvCameraControl.dll(CInterfaceManager.cpp-L7314)  ProcessName:Shrimps Counting.exe(1760)     Description:CamCtrl RecvThread End, ThreadId[10148]     Solution:
Info    2022-08-31 10:22:31:0304  DevID:MV-CA003-21UM(00C41021506)  Source-Line:MvCameraControl.dll(CInterfaceManager.cpp-L1436)  ProcessName:Shrimps Counting.exe(1760)     Description:[CloseDevice]DeviceUptime[1082]     Solution:
Info    2022-08-31 10:22:32:0229  DevID:MV-CA003-21UM(00C41021506)  Source-Line:MvCameraControl.dll(CInterfaceManager.cpp-L1498)  ProcessName:Shrimps Counting.exe(1760)     Description:[CloseDevice]Close device success!     Solution:
Info    2022-08-31 10:22:32:0229  DevID:MV-CA003-21UM(00C41021506)  Source-Line:MvCameraControl.dll(CInterfaceManager.cpp-L1064)  ProcessName:Shrimps Counting.exe(1760)     Description:[MV_CC_DestroyHandle]DeInit success     Solution:
Info    2022-08-31 10:22:34:0352  DevID:MV-CA003-21UM(00C41021506)  Source-Line:MvCameraControl.dll(CInterfaceManager.cpp-L0859)  ProcessName:Shrimps Counting.exe(1760)     Description:[U3V Info]Speed[768], DeviceAddress[3], VendorName[Hikvision], ManufacturerInfo[Hikvision], DeviceVersion[V1.4.0 180502 159998], UserID[CHP]     Solution:
Info    2022-08-31 10:22:34:0352  DevID:MV-CA003-21UM(00C41021506)  Source-Line:MvCameraControl.dll(CInterfaceManager.cpp-L0949)  ProcessName:Shrimps Counting.exe(1760)     Description:CameraControl Dll, Path[C:\Users\Admin\Desktop\Hao Phuong Shrimp Counting CPU\BasicDemo\MVCameraControl.dll]     Solution:
Info    2022-08-31 10:22:34:0352  DevID:MV-CA003-21UM(00C41021506)  Source-Line:MvCameraControl.dll(CInterfaceManager.cpp-L0952)  ProcessName:Shrimps Counting.exe(1760)     Description:[MV_CC_CreateHandle]IsWriteLog[1], Ret[0x0]     Solution:
Info    2022-08-31 10:22:34:0352  DevID:MV-CA003-21UM(00C41021506)  Source-Line:MvCameraControl.dll(CInterfaceManager.cpp-L7691)  ProcessName:Shrimps Counting.exe(1760)     Description:CamCtrl[0x3050004], U3V SDKVersion[0x3050004], DriverVersion[0x1000001]     Solution:
Info    2022-08-31 10:22:34:0433  DevID:MV-CA003-21UM(00C41021506)  Source-Line:MvCameraControl.dll(CInterfaceManager.cpp-L3134)  ProcessName:Shrimps Counting.exe(1760)     Description:[GetGenICamXML]Get XML success!     Solution:
Info    2022-08-31 10:22:34:0479  DevID:MV-CA003-21UM(00C41021506)  Source-Line:MvCameraControl.dll(CInterfaceManager.cpp-L4938)  ProcessName:Shrimps Counting.exe(1760)     Description:[MV_CC_InvalidateNodes]Invalidate Nodes success     Solution:
Info    2022-08-31 10:22:34:0480  DevID:MV-CA003-21UM(00C41021506)  Source-Line:MvCameraControl.dll(CInterfaceManager.cpp-L1392)  ProcessName:Shrimps Counting.exe(1760)     Description:[MV_CC_OpenDevice]Open device success! PrivilegeMode[1], SwitchoverKey[0], DeviceUptime[1085]     Solution:
Info    2022-08-31 10:22:35:0189  DevID:MV-CA003-21UM(00C41021506)  Source-Line:MvCameraControl.dll(CInterfaceManager.cpp-L2121)  ProcessName:Shrimps Counting.exe(1760)     Description:[U3V]Start Grabbing, DeviceUptime[1086]     Solution:
Info    2022-08-31 10:22:35:0193  DevID:MV-CA003-21UM(00C41021506)  Source-Line:MvCameraControl.dll(CInterfaceManager.cpp-L7312)  ProcessName:Shrimps Counting.exe(1760)     Description:CamCtrl RecvThread Start, ThreadId[15784]     Solution:
Info    2022-08-31 10:22:35:0193  DevID:MV-CA003-21UM(00C41021506)  Source-Line:MvCameraControl.dll(CInterfaceManager.cpp-L7122)  ProcessName:Shrimps Counting.exe(1760)     Description:CamCtrl Display Thread Start, ThreadId[6768]     Solution:
Info    2022-08-31 10:22:35:0201  DevID:MV-CA003-21UM(00C41021506)  Source-Line:MvCameraControl.dll(CInterfaceManager.cpp-L2271)  ProcessName:Shrimps Counting.exe(1760)     Description:Start grabbing success, There is no registration callback.     Solution:
Info    2022-08-31 10:22:35:0419  DevID:MV-CA003-21UM(00C41021506)  Source-Line:MvCameraControl.dll(MvCamRender.cpp-L0093)  ProcessName:Shrimps Counting.exe(1760)     Description:Render Mode GDI     Solution:
Info    2022-08-31 10:22:50:0140  DevID:MV-CA003-21UM(00C41021506)  Source-Line:MvCameraControl.dll(CInterfaceManager.cpp-L2387)  ProcessName:Shrimps Counting.exe(1760)     Description:[StopGrabbing]Stop grabbing success! DeviceUptime[1101]     Solution:
Info    2022-08-31 10:22:51:0328  DevID:MV-CA003-21UM(00C41021506)  Source-Line:MvCameraControl.dll(CInterfaceManager.cpp-L7314)  ProcessName:Shrimps Counting.exe(1760)     Description:CamCtrl RecvThread End, ThreadId[15784]     Solution:
Info    2022-08-31 10:22:51:0328  DevID:MV-CA003-21UM(00C41021506)  Source-Line:MvCameraControl.dll(CInterfaceManager.cpp-L7124)  ProcessName:Shrimps Counting.exe(1760)     Description:CamCtrl Display Thread End, ThreadId[6768]     Solution:
Info    2022-08-31 10:22:51:0329  DevID:MV-CA003-21UM(00C41021506)  Source-Line:MvCameraControl.dll(CInterfaceManager.cpp-L1436)  ProcessName:Shrimps Counting.exe(1760)     Description:[CloseDevice]DeviceUptime[1102]     Solution:
Info    2022-08-31 10:22:51:0583  DevID:MV-CA003-21UM(00C41021506)  Source-Line:MvCameraControl.dll(CInterfaceManager.cpp-L1498)  ProcessName:Shrimps Counting.exe(1760)     Description:[CloseDevice]Close device success!     Solution:
Info    2022-08-31 10:22:51:0583  DevID:MV-CA003-21UM(00C41021506)  Source-Line:MvCameraControl.dll(CInterfaceManager.cpp-L1064)  ProcessName:Shrimps Counting.exe(1760)     Description:[MV_CC_DestroyHandle]DeInit success     Solution:
Info    2022-08-31 10:24:10:0779  DevID:MV-CA003-21UM(00C41021506)  Source-Line:MvCameraControl.dll(CInterfaceManager.cpp-L0859)  ProcessName:Shrimps Counting.exe(17900)     Description:[U3V Info]Speed[768], DeviceAddress[3], VendorName[Hikvision], ManufacturerInfo[Hikvision], DeviceVersion[V1.4.0 180502 159998], UserID[CHP]     Solution:
Info    2022-08-31 10:24:10:0779  DevID:MV-CA003-21UM(00C41021506)  Source-Line:MvCameraControl.dll(CInterfaceManager.cpp-L0949)  ProcessName:Shrimps Counting.exe(17900)     Description:CameraControl Dll, Path[C:\Users\Admin\Desktop\Hao Phuong Shrimp Counting CPU\BasicDemo\MVCameraControl.dll]     Solution:
Info    2022-08-31 10:24:10:0779  DevID:MV-CA003-21UM(00C41021506)  Source-Line:MvCameraControl.dll(CInterfaceManager.cpp-L0952)  ProcessName:Shrimps Counting.exe(17900)     Description:[MV_CC_CreateHandle]IsWriteLog[1], Ret[0x0]     Solution:
Info    2022-08-31 10:24:10:0779  DevID:MV-CA003-21UM(00C41021506)  Source-Line:MvCameraControl.dll(CInterfaceManager.cpp-L7691)  ProcessName:Shrimps Counting.exe(17900)     Description:CamCtrl[0x3050004], U3V SDKVersion[0x3050004], DriverVersion[0x1000001]     Solution:
Info    2022-08-31 10:24:10:0860  DevID:MV-CA003-21UM(00C41021506)  Source-Line:MvCameraControl.dll(CInterfaceManager.cpp-L3134)  ProcessName:Shrimps Counting.exe(17900)     Description:[GetGenICamXML]Get XML success!     Solution:
Info    2022-08-31 10:24:10:0909  DevID:MV-CA003-21UM(00C41021506)  Source-Line:MvCameraControl.dll(CInterfaceManager.cpp-L4938)  ProcessName:Shrimps Counting.exe(17900)     Description:[MV_CC_InvalidateNodes]Invalidate Nodes success     Solution:
Info    2022-08-31 10:24:10:0909  DevID:MV-CA003-21UM(00C41021506)  Source-Line:MvCameraControl.dll(CInterfaceManager.cpp-L1392)  ProcessName:Shrimps Counting.exe(17900)     Description:[MV_CC_OpenDevice]Open device success! PrivilegeMode[1], SwitchoverKey[0], DeviceUptime[1182]     Solution:
Info    2022-08-31 10:24:12:0072  DevID:MV-CA003-21UM(00C41021506)  Source-Line:MvCameraControl.dll(CInterfaceManager.cpp-L2121)  ProcessName:Shrimps Counting.exe(17900)     Description:[U3V]Start Grabbing, DeviceUptime[1183]     Solution:
Info    2022-08-31 10:24:12:0075  DevID:MV-CA003-21UM(00C41021506)  Source-Line:MvCameraControl.dll(CInterfaceManager.cpp-L7312)  ProcessName:Shrimps Counting.exe(17900)     Description:CamCtrl RecvThread Start, ThreadId[5208]     Solution:
Info    2022-08-31 10:24:12:0075  DevID:MV-CA003-21UM(00C41021506)  Source-Line:MvCameraControl.dll(CInterfaceManager.cpp-L7122)  ProcessName:Shrimps Counting.exe(17900)     Description:CamCtrl Display Thread Start, ThreadId[10872]     Solution:
Info    2022-08-31 10:24:12:0084  DevID:MV-CA003-21UM(00C41021506)  Source-Line:MvCameraControl.dll(CInterfaceManager.cpp-L2271)  ProcessName:Shrimps Counting.exe(17900)     Description:Start grabbing success, There is no registration callback.     Solution:
Info    2022-08-31 10:24:12:0302  DevID:MV-CA003-21UM(00C41021506)  Source-Line:MvCameraControl.dll(MvCamRender.cpp-L0093)  ProcessName:Shrimps Counting.exe(17900)     Description:Render Mode GDI     Solution:
Info    2022-08-31 10:24:21:0132  DevID:MV-CA003-21UM(00C41021506)  Source-Line:MvCameraControl.dll(CInterfaceManager.cpp-L7124)  ProcessName:Shrimps Counting.exe(17900)     Description:CamCtrl Display Thread End, ThreadId[10872]     Solution:
Info    2022-08-31 10:24:21:0132  DevID:MV-CA003-21UM(00C41021506)  Source-Line:MvCameraControl.dll(CInterfaceManager.cpp-L7314)  ProcessName:Shrimps Counting.exe(17900)     Description:CamCtrl RecvThread End, ThreadId[5208]     Solution:
Info    2022-08-31 10:24:21:0240  DevID:MV-CA003-21UM(00C41021506)  Source-Line:MvCameraControl.dll(CInterfaceManager.cpp-L2387)  ProcessName:Shrimps Counting.exe(17900)     Description:[StopGrabbing]Stop grabbing success! DeviceUptime[1192]     Solution:
Info    2022-08-31 10:24:21:0240  DevID:MV-CA003-21UM(00C41021506)  Source-Line:MvCameraControl.dll(CInterfaceManager.cpp-L1436)  ProcessName:Shrimps Counting.exe(17900)     Description:[CloseDevice]DeviceUptime[1192]     Solution:
Info    2022-08-31 10:24:21:0988  DevID:MV-CA003-21UM(00C41021506)  Source-Line:MvCameraControl.dll(CInterfaceManager.cpp-L1498)  ProcessName:Shrimps Counting.exe(17900)     Description:[CloseDevice]Close device success!     Solution:
Info    2022-08-31 10:24:21:0988  DevID:MV-CA003-21UM(00C41021506)  Source-Line:MvCameraControl.dll(CInterfaceManager.cpp-L1064)  ProcessName:Shrimps Counting.exe(17900)     Description:[MV_CC_DestroyHandle]DeInit success     Solution:
Info    2022-08-31 10:26:59:0079  DevID:MV-CA003-21UM(00C41021506)  Source-Line:MvCameraControl.dll(CInterfaceManager.cpp-L0859)  ProcessName:Shrimps Counting.exe(15468)     Description:[U3V Info]Speed[768], DeviceAddress[3], VendorName[Hikvision], ManufacturerInfo[Hikvision], DeviceVersion[V1.4.0 180502 159998], UserID[CHP]     Solution:
Info    2022-08-31 10:26:59:0079  DevID:MV-CA003-21UM(00C41021506)  Source-Line:MvCameraControl.dll(CInterfaceManager.cpp-L0949)  ProcessName:Shrimps Counting.exe(15468)     Description:CameraControl Dll, Path[C:\Users\Admin\Desktop\Hao Phuong Shrimp Counting CPU\BasicDemo\MVCameraControl.dll]     Solution:
Info    2022-08-31 10:26:59:0079  DevID:MV-CA003-21UM(00C41021506)  Source-Line:MvCameraControl.dll(CInterfaceManager.cpp-L0952)  ProcessName:Shrimps Counting.exe(15468)     Description:[MV_CC_CreateHandle]IsWriteLog[1], Ret[0x0]     Solution:
Info    2022-08-31 10:26:59:0079  DevID:MV-CA003-21UM(00C41021506)  Source-Line:MvCameraControl.dll(CInterfaceManager.cpp-L7691)  ProcessName:Shrimps Counting.exe(15468)     Description:CamCtrl[0x3050004], U3V SDKVersion[0x3050004], DriverVersion[0x1000001]     Solution:
Info    2022-08-31 10:26:59:0160  DevID:MV-CA003-21UM(00C41021506)  Source-Line:MvCameraControl.dll(CInterfaceManager.cpp-L3134)  ProcessName:Shrimps Counting.exe(15468)     Description:[GetGenICamXML]Get XML success!     Solution:
Info    2022-08-31 10:26:59:0209  DevID:MV-CA003-21UM(00C41021506)  Source-Line:MvCameraControl.dll(CInterfaceManager.cpp-L4938)  ProcessName:Shrimps Counting.exe(15468)     Description:[MV_CC_InvalidateNodes]Invalidate Nodes success     Solution:
Info    2022-08-31 10:26:59:0209  DevID:MV-CA003-21UM(00C41021506)  Source-Line:MvCameraControl.dll(CInterfaceManager.cpp-L1392)  ProcessName:Shrimps Counting.exe(15468)     Description:[MV_CC_OpenDevice]Open device success! PrivilegeMode[1], SwitchoverKey[0], DeviceUptime[1350]     Solution:
Info    2022-08-31 10:26:59:0683  DevID:MV-CA003-21UM(00C41021506)  Source-Line:MvCameraControl.dll(CInterfaceManager.cpp-L2121)  ProcessName:Shrimps Counting.exe(15468)     Description:[U3V]Start Grabbing, DeviceUptime[1351]     Solution:
Info    2022-08-31 10:26:59:0687  DevID:MV-CA003-21UM(00C41021506)  Source-Line:MvCameraControl.dll(CInterfaceManager.cpp-L7312)  ProcessName:Shrimps Counting.exe(15468)     Description:CamCtrl RecvThread Start, ThreadId[14808]     Solution:
Info    2022-08-31 10:26:59:0687  DevID:MV-CA003-21UM(00C41021506)  Source-Line:MvCameraControl.dll(CInterfaceManager.cpp-L7122)  ProcessName:Shrimps Counting.exe(15468)     Description:CamCtrl Display Thread Start, ThreadId[1712]     Solution:
Info    2022-08-31 10:26:59:0696  DevID:MV-CA003-21UM(00C41021506)  Source-Line:MvCameraControl.dll(CInterfaceManager.cpp-L2271)  ProcessName:Shrimps Counting.exe(15468)     Description:Start grabbing success, There is no registration callback.     Solution:
Info    2022-08-31 10:26:59:0902  DevID:MV-CA003-21UM(00C41021506)  Source-Line:MvCameraControl.dll(MvCamRender.cpp-L0093)  ProcessName:Shrimps Counting.exe(15468)     Description:Render Mode GDI     Solution:
Info    2022-08-31 10:27:25:0934  DevID:MV-CA003-21UM(00C41021506)  Source-Line:MvCameraControl.dll(CInterfaceManager.cpp-L7124)  ProcessName:Shrimps Counting.exe(15468)     Description:CamCtrl Display Thread End, ThreadId[1712]     Solution:
Info    2022-08-31 10:27:25:0934  DevID:MV-CA003-21UM(00C41021506)  Source-Line:MvCameraControl.dll(CInterfaceManager.cpp-L7314)  ProcessName:Shrimps Counting.exe(15468)     Description:CamCtrl RecvThread End, ThreadId[14808]     Solution:
Info    2022-08-31 10:27:26:0042  DevID:MV-CA003-21UM(00C41021506)  Source-Line:MvCameraControl.dll(CInterfaceManager.cpp-L2387)  ProcessName:Shrimps Counting.exe(15468)     Description:[StopGrabbing]Stop grabbing success! DeviceUptime[1377]     Solution:
Info    2022-08-31 10:27:26:0042  DevID:MV-CA003-21UM(00C41021506)  Source-Line:MvCameraControl.dll(CInterfaceManager.cpp-L1436)  ProcessName:Shrimps Counting.exe(15468)     Description:[CloseDevice]DeviceUptime[1377]     Solution:
Info    2022-08-31 10:27:26:0428  DevID:MV-CA003-21UM(00C41021506)  Source-Line:MvCameraControl.dll(CInterfaceManager.cpp-L1498)  ProcessName:Shrimps Counting.exe(15468)     Description:[CloseDevice]Close device success!     Solution:
Info    2022-08-31 10:27:26:0428  DevID:MV-CA003-21UM(00C41021506)  Source-Line:MvCameraControl.dll(CInterfaceManager.cpp-L1064)  ProcessName:Shrimps Counting.exe(15468)     Description:[MV_CC_DestroyHandle]DeInit success     Solution:
Info    2022-08-31 10:29:47:0788  DevID:MV-CA003-21UM(00C41021506)  Source-Line:MvCameraControl.dll(CInterfaceManager.cpp-L0859)  ProcessName:Shrimps Counting.exe(16760)     Description:[U3V Info]Speed[768], DeviceAddress[3], VendorName[Hikvision], ManufacturerInfo[Hikvision], DeviceVersion[V1.4.0 180502 159998], UserID[CHP]     Solution:
Info    2022-08-31 10:29:47:0788  DevID:MV-CA003-21UM(00C41021506)  Source-Line:MvCameraControl.dll(CInterfaceManager.cpp-L0949)  ProcessName:Shrimps Counting.exe(16760)     Description:CameraControl Dll, Path[C:\Users\Admin\Desktop\Hao Phuong Shrimp Counting CPU\BasicDemo\MVCameraControl.dll]     Solution:
Info    2022-08-31 10:29:47:0788  DevID:MV-CA003-21UM(00C41021506)  Source-Line:MvCameraControl.dll(CInterfaceManager.cpp-L0952)  ProcessName:Shrimps Counting.exe(16760)     Description:[MV_CC_CreateHandle]IsWriteLog[1], Ret[0x0]     Solution:
Info    2022-08-31 10:29:47:0788  DevID:MV-CA003-21UM(00C41021506)  Source-Line:MvCameraControl.dll(CInterfaceManager.cpp-L7691)  ProcessName:Shrimps Counting.exe(16760)     Description:CamCtrl[0x3050004], U3V SDKVersion[0x3050004], DriverVersion[0x1000001]     Solution:
Info    2022-08-31 10:29:47:0868  DevID:MV-CA003-21UM(00C41021506)  Source-Line:MvCameraControl.dll(CInterfaceManager.cpp-L3134)  ProcessName:Shrimps Counting.exe(16760)     Description:[GetGenICamXML]Get XML success!     Solution:
Info    2022-08-31 10:29:47:0917  DevID:MV-CA003-21UM(00C41021506)  Source-Line:MvCameraControl.dll(CInterfaceManager.cpp-L4938)  ProcessName:Shrimps Counting.exe(16760)     Description:[MV_CC_InvalidateNodes]Invalidate Nodes success     Solution:
Info    2022-08-31 10:29:47:0918  DevID:MV-CA003-21UM(00C41021506)  Source-Line:MvCameraControl.dll(CInterfaceManager.cpp-L1392)  ProcessName:Shrimps Counting.exe(16760)     Description:[MV_CC_OpenDevice]Open device success! PrivilegeMode[1], SwitchoverKey[0], DeviceUptime[1519]     Solution:
Info    2022-08-31 10:29:48:0492  DevID:MV-CA003-21UM(00C41021506)  Source-Line:MvCameraControl.dll(CInterfaceManager.cpp-L2121)  ProcessName:Shrimps Counting.exe(16760)     Description:[U3V]Start Grabbing, DeviceUptime[1520]     Solution:
Info    2022-08-31 10:29:48:0496  DevID:MV-CA003-21UM(00C41021506)  Source-Line:MvCameraControl.dll(CInterfaceManager.cpp-L7312)  ProcessName:Shrimps Counting.exe(16760)     Description:CamCtrl RecvThread Start, ThreadId[15760]     Solution:
Info    2022-08-31 10:29:48:0496  DevID:MV-CA003-21UM(00C41021506)  Source-Line:MvCameraControl.dll(CInterfaceManager.cpp-L7122)  ProcessName:Shrimps Counting.exe(16760)     Description:CamCtrl Display Thread Start, ThreadId[13940]     Solution:
Info    2022-08-31 10:29:48:0505  DevID:MV-CA003-21UM(00C41021506)  Source-Line:MvCameraControl.dll(CInterfaceManager.cpp-L2271)  ProcessName:Shrimps Counting.exe(16760)     Description:Start grabbing success, There is no registration callback.     Solution:
Info    2022-08-31 10:29:48:0714  DevID:MV-CA003-21UM(00C41021506)  Source-Line:MvCameraControl.dll(MvCamRender.cpp-L0093)  ProcessName:Shrimps Counting.exe(16760)     Description:Render Mode GDI     Solution:
Info    2022-08-31 10:30:03:0114  DevID:MV-CA003-21UM(00C41021506)  Source-Line:MvCameraControl.dll(CInterfaceManager.cpp-L2387)  ProcessName:Shrimps Counting.exe(16760)     Description:[StopGrabbing]Stop grabbing success! DeviceUptime[1534]     Solution:
Info    2022-08-31 10:30:05:0944  DevID:MV-CA003-21UM(00C41021506)  Source-Line:MvCameraControl.dll(CInterfaceManager.cpp-L7314)  ProcessName:Shrimps Counting.exe(16760)     Description:CamCtrl RecvThread End, ThreadId[15760]     Solution:
Info    2022-08-31 10:30:05:0944  DevID:MV-CA003-21UM(00C41021506)  Source-Line:MvCameraControl.dll(CInterfaceManager.cpp-L7124)  ProcessName:Shrimps Counting.exe(16760)     Description:CamCtrl Display Thread End, ThreadId[13940]     Solution:
Info    2022-08-31 10:30:05:0945  DevID:MV-CA003-21UM(00C41021506)  Source-Line:MvCameraControl.dll(CInterfaceManager.cpp-L1436)  ProcessName:Shrimps Counting.exe(16760)     Description:[CloseDevice]DeviceUptime[1537]     Solution:
Info    2022-08-31 10:30:06:0103  DevID:MV-CA003-21UM(00C41021506)  Source-Line:MvCameraControl.dll(CInterfaceManager.cpp-L1498)  ProcessName:Shrimps Counting.exe(16760)     Description:[CloseDevice]Close device success!     Solution:
Info    2022-08-31 10:30:06:0103  DevID:MV-CA003-21UM(00C41021506)  Source-Line:MvCameraControl.dll(CInterfaceManager.cpp-L1064)  ProcessName:Shrimps Counting.exe(16760)     Description:[MV_CC_DestroyHandle]DeInit success     Solution:
