Info    2022-08-29 14:13:17:0410  DevID:MV-CA003-21UM(00C41021506)  Source-Line:MvUsb3vTL.dll(Manager.cpp-L0079)  ProcessName:Shrimp Counting.exe(13208)     Description:USB3Vision Dll, Path[C:\Users\Admin\Desktop\Hao Phuong Shrimp Counting CPU\BasicDemo\MvUsb3vTL.dll]     Solution:
Info    2022-08-29 14:13:17:0487  DevID:MV-CA003-21UM(00C41021506)  Source-Line:MvUsb3vTL.dll(DeviceControl.cpp-L0030)  ProcessName:Shrimp Counting.exe(13208)     Description:U3V HeartBeat Start, ThreadId[15656]     Solution:
Info    2022-08-29 14:13:18:0157  DevID:MV-CA003-21UM(00C41021506)  Source-Line:MvUsb3vTL.dll(StreamProcess.cpp-L1009)  ProcessName:Shrimp Counting.exe(13208)     Description:U3V StreamRecvThread Start, ThreadId[8260]     Solution:
Warning 2022-08-29 14:13:18:0177  DevID:MV-CA003-21UM(00C41021506)  Source-Line:MvUsb3vTL.dll(StreamProcess.cpp-L1389)  ProcessName:Shrimp Counting.exe(13208)     Description:Delete one Data Node     Solution:Please confirm that there is a blocking operation when you grab frame
Warning 2022-08-29 14:13:18:0182  DevID:MV-CA003-21UM(00C41021506)  Source-Line:MvUsb3vTL.dll(StreamProcess.cpp-L1389)  ProcessName:Shrimp Counting.exe(13208)     Description:Delete one Data Node     Solution:Please confirm that there is a blocking operation when you grab frame
Warning 2022-08-29 14:13:18:0187  DevID:MV-CA003-21UM(00C41021506)  Source-Line:MvUsb3vTL.dll(StreamProcess.cpp-L1389)  ProcessName:Shrimp Counting.exe(13208)     Description:Delete one Data Node     Solution:Please confirm that there is a blocking operation when you grab frame
Warning 2022-08-29 14:13:18:0192  DevID:MV-CA003-21UM(00C41021506)  Source-Line:MvUsb3vTL.dll(StreamProcess.cpp-L1389)  ProcessName:Shrimp Counting.exe(13208)     Description:Delete one Data Node     Solution:Please confirm that there is a blocking operation when you grab frame
Warning 2022-08-29 14:13:18:0197  DevID:MV-CA003-21UM(00C41021506)  Source-Line:MvUsb3vTL.dll(StreamProcess.cpp-L1389)  ProcessName:Shrimp Counting.exe(13208)     Description:Delete one Data Node     Solution:Please confirm that there is a blocking operation when you grab frame
Warning 2022-08-29 14:13:18:0202  DevID:MV-CA003-21UM(00C41021506)  Source-Line:MvUsb3vTL.dll(StreamProcess.cpp-L0849)  ProcessName:Shrimp Counting.exe(13208)     Description:[GetImageBuffer]The frame number is not continuous, PreFrameNum[0], CurFrameNum[6]     Solution:
Info    2022-08-29 14:13:20:0054  DevID:MV-CA003-21UM(00C41021506)  Source-Line:MvUsb3vTL.dll(StreamProcess.cpp-L1011)  ProcessName:Shrimp Counting.exe(13208)     Description:U3V StreamRecvThread End, ThreadId[8260]     Solution:
Info    2022-08-29 14:13:20:0069  DevID:MV-CA003-21UM(00C41021506)  Source-Line:MvUsb3vTL.dll(StreamProcess.cpp-L0531)  ProcessName:Shrimp Counting.exe(13208)     Description:GetCount[347], GetCountSucceed[347], ReceivedFrameCount[352], AbnormalFrameCount[0]     Solution:
Info    2022-08-29 14:13:24:0577  DevID:MV-CA003-21UM(00C41021506)  Source-Line:MvUsb3vTL.dll(DeviceControl.cpp-L0032)  ProcessName:Shrimp Counting.exe(13208)     Description:U3V HeartBeat End, ThreadId[15656]     Solution:
Info    2022-08-29 14:39:48:0025  DevID:MV-CA003-21UM(00C41021506)  Source-Line:MvUsb3vTL.dll(Manager.cpp-L0079)  ProcessName:Shrimp Counting.exe(12144)     Description:USB3Vision Dll, Path[C:\Users\Admin\Desktop\Hao Phuong Shrimp Counting CPU\BasicDemo\MvUsb3vTL.dll]     Solution:
Info    2022-08-29 14:39:48:0104  DevID:MV-CA003-21UM(00C41021506)  Source-Line:MvUsb3vTL.dll(DeviceControl.cpp-L0030)  ProcessName:Shrimp Counting.exe(12144)     Description:U3V HeartBeat Start, ThreadId[4816]     Solution:
Info    2022-08-29 14:39:48:0586  DevID:MV-CA003-21UM(00C41021506)  Source-Line:MvUsb3vTL.dll(StreamProcess.cpp-L1009)  ProcessName:Shrimp Counting.exe(12144)     Description:U3V StreamRecvThread Start, ThreadId[14400]     Solution:
Warning 2022-08-29 14:39:48:0604  DevID:MV-CA003-21UM(00C41021506)  Source-Line:MvUsb3vTL.dll(StreamProcess.cpp-L1389)  ProcessName:Shrimp Counting.exe(12144)     Description:Delete one Data Node     Solution:Please confirm that there is a blocking operation when you grab frame
Warning 2022-08-29 14:39:48:0609  DevID:MV-CA003-21UM(00C41021506)  Source-Line:MvUsb3vTL.dll(StreamProcess.cpp-L1389)  ProcessName:Shrimp Counting.exe(12144)     Description:Delete one Data Node     Solution:Please confirm that there is a blocking operation when you grab frame
Warning 2022-08-29 14:39:48:0614  DevID:MV-CA003-21UM(00C41021506)  Source-Line:MvUsb3vTL.dll(StreamProcess.cpp-L1389)  ProcessName:Shrimp Counting.exe(12144)     Description:Delete one Data Node     Solution:Please confirm that there is a blocking operation when you grab frame
Warning 2022-08-29 14:39:48:0620  DevID:MV-CA003-21UM(00C41021506)  Source-Line:MvUsb3vTL.dll(StreamProcess.cpp-L1389)  ProcessName:Shrimp Counting.exe(12144)     Description:Delete one Data Node     Solution:Please confirm that there is a blocking operation when you grab frame
Warning 2022-08-29 14:39:48:0624  DevID:MV-CA003-21UM(00C41021506)  Source-Line:MvUsb3vTL.dll(StreamProcess.cpp-L0849)  ProcessName:Shrimp Counting.exe(12144)     Description:[GetImageBuffer]The frame number is not continuous, PreFrameNum[0], CurFrameNum[5]     Solution:
Warning 2022-08-29 14:39:49:0714  DevID:MV-CA003-21UM(00C41021506)  Source-Line:MvUsb3vTL.dll(StreamProcess.cpp-L1389)  ProcessName:Shrimp Counting.exe(12144)     Description:Delete one Data Node     Solution:Please confirm that there is a blocking operation when you grab frame
Warning 2022-08-29 14:39:49:0719  DevID:MV-CA003-21UM(00C41021506)  Source-Line:MvUsb3vTL.dll(StreamProcess.cpp-L1389)  ProcessName:Shrimp Counting.exe(12144)     Description:Delete one Data Node     Solution:Please confirm that there is a blocking operation when you grab frame
Warning 2022-08-29 14:39:49:0724  DevID:MV-CA003-21UM(00C41021506)  Source-Line:MvUsb3vTL.dll(StreamProcess.cpp-L1389)  ProcessName:Shrimp Counting.exe(12144)     Description:Delete one Data Node     Solution:Please confirm that there is a blocking operation when you grab frame
Warning 2022-08-29 14:39:49:0729  DevID:MV-CA003-21UM(00C41021506)  Source-Line:MvUsb3vTL.dll(StreamProcess.cpp-L1389)  ProcessName:Shrimp Counting.exe(12144)     Description:Delete one Data Node     Solution:Please confirm that there is a blocking operation when you grab frame
Warning 2022-08-29 14:39:49:0734  DevID:MV-CA003-21UM(00C41021506)  Source-Line:MvUsb3vTL.dll(StreamProcess.cpp-L1389)  ProcessName:Shrimp Counting.exe(12144)     Description:Delete one Data Node     Solution:Please confirm that there is a blocking operation when you grab frame
Warning 2022-08-29 14:39:49:0739  DevID:MV-CA003-21UM(00C41021506)  Source-Line:MvUsb3vTL.dll(StreamProcess.cpp-L1389)  ProcessName:Shrimp Counting.exe(12144)     Description:Delete one Data Node     Solution:Please confirm that there is a blocking operation when you grab frame
Warning 2022-08-29 14:39:49:0744  DevID:MV-CA003-21UM(00C41021506)  Source-Line:MvUsb3vTL.dll(StreamProcess.cpp-L1389)  ProcessName:Shrimp Counting.exe(12144)     Description:Delete one Data Node     Solution:Please confirm that there is a blocking operation when you grab frame
Warning 2022-08-29 14:39:49:0749  DevID:MV-CA003-21UM(00C41021506)  Source-Line:MvUsb3vTL.dll(StreamProcess.cpp-L1389)  ProcessName:Shrimp Counting.exe(12144)     Description:Delete one Data Node     Solution:Please confirm that there is a blocking operation when you grab frame
Warning 2022-08-29 14:39:49:0754  DevID:MV-CA003-21UM(00C41021506)  Source-Line:MvUsb3vTL.dll(StreamProcess.cpp-L1389)  ProcessName:Shrimp Counting.exe(12144)     Description:Delete one Data Node     Solution:Please confirm that there is a blocking operation when you grab frame
Warning 2022-08-29 14:39:49:0759  DevID:MV-CA003-21UM(00C41021506)  Source-Line:MvUsb3vTL.dll(StreamProcess.cpp-L1389)  ProcessName:Shrimp Counting.exe(12144)     Description:Delete one Data Node     Solution:Please confirm that there is a blocking operation when you grab frame
Warning 2022-08-29 14:39:49:0764  DevID:MV-CA003-21UM(00C41021506)  Source-Line:MvUsb3vTL.dll(StreamProcess.cpp-L1389)  ProcessName:Shrimp Counting.exe(12144)     Description:Delete one Data Node     Solution:Please confirm that there is a blocking operation when you grab frame
Warning 2022-08-29 14:39:49:0769  DevID:MV-CA003-21UM(00C41021506)  Source-Line:MvUsb3vTL.dll(StreamProcess.cpp-L1389)  ProcessName:Shrimp Counting.exe(12144)     Description:Delete one Data Node     Solution:Please confirm that there is a blocking operation when you grab frame
Warning 2022-08-29 14:39:49:0774  DevID:MV-CA003-21UM(00C41021506)  Source-Line:MvUsb3vTL.dll(StreamProcess.cpp-L1389)  ProcessName:Shrimp Counting.exe(12144)     Description:Delete one Data Node     Solution:Please confirm that there is a blocking operation when you grab frame
Warning 2022-08-29 14:39:49:0779  DevID:MV-CA003-21UM(00C41021506)  Source-Line:MvUsb3vTL.dll(StreamProcess.cpp-L1389)  ProcessName:Shrimp Counting.exe(12144)     Description:Delete one Data Node     Solution:Please confirm that there is a blocking operation when you grab frame
Info    2022-08-29 14:39:49:0902  DevID:MV-CA003-21UM(00C41021506)  Source-Line:MvUsb3vTL.dll(StreamProcess.cpp-L1011)  ProcessName:Shrimp Counting.exe(12144)     Description:U3V StreamRecvThread End, ThreadId[14400]     Solution:
Info    2022-08-29 14:39:49:0917  DevID:MV-CA003-21UM(00C41021506)  Source-Line:MvUsb3vTL.dll(StreamProcess.cpp-L0531)  ProcessName:Shrimp Counting.exe(12144)     Description:GetCount[218], GetCountSucceed[218], ReceivedFrameCount[237], AbnormalFrameCount[0]     Solution:
Info    2022-08-29 14:39:50:0120  DevID:MV-CA003-21UM(00C41021506)  Source-Line:MvUsb3vTL.dll(DeviceControl.cpp-L0032)  ProcessName:Shrimp Counting.exe(12144)     Description:U3V HeartBeat End, ThreadId[4816]     Solution:
Info    2022-08-29 14:57:36:0144  DevID:MV-CA003-21UM(00C41021506)  Source-Line:MvUsb3vTL.dll(Manager.cpp-L0079)  ProcessName:Shrimp Counting.exe(7948)     Description:USB3Vision Dll, Path[C:\Users\Admin\Desktop\Hao Phuong Shrimp Counting CPU\BasicDemo\MvUsb3vTL.dll]     Solution:
Info    2022-08-29 14:57:36:0224  DevID:MV-CA003-21UM(00C41021506)  Source-Line:MvUsb3vTL.dll(DeviceControl.cpp-L0030)  ProcessName:Shrimp Counting.exe(7948)     Description:U3V HeartBeat Start, ThreadId[14852]     Solution:
Info    2022-08-29 14:57:39:0250  DevID:MV-CA003-21UM(00C41021506)  Source-Line:MvUsb3vTL.dll(DeviceControl.cpp-L0032)  ProcessName:Shrimp Counting.exe(7948)     Description:U3V HeartBeat End, ThreadId[14852]     Solution:
Info    2022-08-29 15:05:48:0698  DevID:MV-CA003-21UM(00C41021506)  Source-Line:MvUsb3vTL.dll(Manager.cpp-L0079)  ProcessName:Shrimp Counting.exe(15152)     Description:USB3Vision Dll, Path[C:\Users\Admin\Desktop\Hao Phuong Shrimp Counting CPU\BasicDemo\MvUsb3vTL.dll]     Solution:
Info    2022-08-29 15:05:48:0775  DevID:MV-CA003-21UM(00C41021506)  Source-Line:MvUsb3vTL.dll(DeviceControl.cpp-L0030)  ProcessName:Shrimp Counting.exe(15152)     Description:U3V HeartBeat Start, ThreadId[7580]     Solution:
Info    2022-08-29 15:05:50:0778  DevID:MV-CA003-21UM(00C41021506)  Source-Line:MvUsb3vTL.dll(DeviceControl.cpp-L0032)  ProcessName:Shrimp Counting.exe(15152)     Description:U3V HeartBeat End, ThreadId[7580]     Solution:
Info    2022-08-29 16:01:39:0520  DevID:MV-CA003-21UM(00C41021506)  Source-Line:MvUsb3vTL.dll(Manager.cpp-L0079)  ProcessName:Shrimp Counting.exe(2508)     Description:USB3Vision Dll, Path[C:\Users\Admin\Desktop\Hao Phuong Shrimp Counting CPU\BasicDemo\MvUsb3vTL.dll]     Solution:
Info    2022-08-29 16:01:39:0599  DevID:MV-CA003-21UM(00C41021506)  Source-Line:MvUsb3vTL.dll(DeviceControl.cpp-L0030)  ProcessName:Shrimp Counting.exe(2508)     Description:U3V HeartBeat Start, ThreadId[10396]     Solution:
Info    2022-08-29 16:01:41:0118  DevID:MV-CA003-21UM(00C41021506)  Source-Line:MvUsb3vTL.dll(StreamProcess.cpp-L1009)  ProcessName:Shrimp Counting.exe(2508)     Description:U3V StreamRecvThread Start, ThreadId[12372]     Solution:
Warning 2022-08-29 16:01:50:0356  DevID:MV-CA003-21UM(00C41021506)  Source-Line:MvUsb3vTL.dll(StreamProcess.cpp-L1389)  ProcessName:Shrimp Counting.exe(2508)     Description:Delete one Data Node     Solution:Please confirm that there is a blocking operation when you grab frame
Warning 2022-08-29 16:01:50:0361  DevID:MV-CA003-21UM(00C41021506)  Source-Line:MvUsb3vTL.dll(StreamProcess.cpp-L1389)  ProcessName:Shrimp Counting.exe(2508)     Description:Delete one Data Node     Solution:Please confirm that there is a blocking operation when you grab frame
Warning 2022-08-29 16:01:50:0366  DevID:MV-CA003-21UM(00C41021506)  Source-Line:MvUsb3vTL.dll(StreamProcess.cpp-L1389)  ProcessName:Shrimp Counting.exe(2508)     Description:Delete one Data Node     Solution:Please confirm that there is a blocking operation when you grab frame
Warning 2022-08-29 16:01:50:0371  DevID:MV-CA003-21UM(00C41021506)  Source-Line:MvUsb3vTL.dll(StreamProcess.cpp-L1389)  ProcessName:Shrimp Counting.exe(2508)     Description:Delete one Data Node     Solution:Please confirm that there is a blocking operation when you grab frame
Warning 2022-08-29 16:01:50:0376  DevID:MV-CA003-21UM(00C41021506)  Source-Line:MvUsb3vTL.dll(StreamProcess.cpp-L1389)  ProcessName:Shrimp Counting.exe(2508)     Description:Delete one Data Node     Solution:Please confirm that there is a blocking operation when you grab frame
Warning 2022-08-29 16:01:50:0381  DevID:MV-CA003-21UM(00C41021506)  Source-Line:MvUsb3vTL.dll(StreamProcess.cpp-L1389)  ProcessName:Shrimp Counting.exe(2508)     Description:Delete one Data Node     Solution:Please confirm that there is a blocking operation when you grab frame
Info    2022-08-29 16:01:50:0506  DevID:MV-CA003-21UM(00C41021506)  Source-Line:MvUsb3vTL.dll(StreamProcess.cpp-L1011)  ProcessName:Shrimp Counting.exe(2508)     Description:U3V StreamRecvThread End, ThreadId[12372]     Solution:
Info    2022-08-29 16:01:50:0522  DevID:MV-CA003-21UM(00C41021506)  Source-Line:MvUsb3vTL.dll(StreamProcess.cpp-L0531)  ProcessName:Shrimp Counting.exe(2508)     Description:GetCount[1844], GetCountSucceed[1844], ReceivedFrameCount[1851], AbnormalFrameCount[0]     Solution:
Info    2022-08-29 16:01:50:0706  DevID:MV-CA003-21UM(00C41021506)  Source-Line:MvUsb3vTL.dll(DeviceControl.cpp-L0032)  ProcessName:Shrimp Counting.exe(2508)     Description:U3V HeartBeat End, ThreadId[10396]     Solution:
Info    2022-08-29 16:02:12:0323  DevID:MV-CA003-21UM(00C41021506)  Source-Line:MvUsb3vTL.dll(Manager.cpp-L0079)  ProcessName:Shrimp Counting.exe(3608)     Description:USB3Vision Dll, Path[C:\Users\Admin\Desktop\Hao Phuong Shrimp Counting CPU\BasicDemo\MvUsb3vTL.dll]     Solution:
Info    2022-08-29 16:02:12:0402  DevID:MV-CA003-21UM(00C41021506)  Source-Line:MvUsb3vTL.dll(DeviceControl.cpp-L0030)  ProcessName:Shrimp Counting.exe(3608)     Description:U3V HeartBeat Start, ThreadId[6548]     Solution:
Info    2022-08-29 16:02:13:0323  DevID:MV-CA003-21UM(00C41021506)  Source-Line:MvUsb3vTL.dll(StreamProcess.cpp-L1009)  ProcessName:Shrimp Counting.exe(3608)     Description:U3V StreamRecvThread Start, ThreadId[11044]     Solution:
Warning 2022-08-29 16:02:13:0341  DevID:MV-CA003-21UM(00C41021506)  Source-Line:MvUsb3vTL.dll(StreamProcess.cpp-L1389)  ProcessName:Shrimp Counting.exe(3608)     Description:Delete one Data Node     Solution:Please confirm that there is a blocking operation when you grab frame
Warning 2022-08-29 16:02:13:0345  DevID:MV-CA003-21UM(00C41021506)  Source-Line:MvUsb3vTL.dll(StreamProcess.cpp-L1389)  ProcessName:Shrimp Counting.exe(3608)     Description:Delete one Data Node     Solution:Please confirm that there is a blocking operation when you grab frame
Warning 2022-08-29 16:02:13:0351  DevID:MV-CA003-21UM(00C41021506)  Source-Line:MvUsb3vTL.dll(StreamProcess.cpp-L0849)  ProcessName:Shrimp Counting.exe(3608)     Description:[GetImageBuffer]The frame number is not continuous, PreFrameNum[1], CurFrameNum[3]     Solution:
Warning 2022-08-29 16:02:17:0956  DevID:MV-CA003-21UM(00C41021506)  Source-Line:MvUsb3vTL.dll(StreamProcess.cpp-L1389)  ProcessName:Shrimp Counting.exe(3608)     Description:Delete one Data Node     Solution:Please confirm that there is a blocking operation when you grab frame
Warning 2022-08-29 16:02:17:0961  DevID:MV-CA003-21UM(00C41021506)  Source-Line:MvUsb3vTL.dll(StreamProcess.cpp-L1389)  ProcessName:Shrimp Counting.exe(3608)     Description:Delete one Data Node     Solution:Please confirm that there is a blocking operation when you grab frame
Warning 2022-08-29 16:02:17:0966  DevID:MV-CA003-21UM(00C41021506)  Source-Line:MvUsb3vTL.dll(StreamProcess.cpp-L1389)  ProcessName:Shrimp Counting.exe(3608)     Description:Delete one Data Node     Solution:Please confirm that there is a blocking operation when you grab frame
Info    2022-08-29 16:02:17:0971  DevID:MV-CA003-21UM(00C41021506)  Source-Line:MvUsb3vTL.dll(StreamProcess.cpp-L1011)  ProcessName:Shrimp Counting.exe(3608)     Description:U3V StreamRecvThread End, ThreadId[11044]     Solution:
Info    2022-08-29 16:02:18:0072  DevID:MV-CA003-21UM(00C41021506)  Source-Line:MvUsb3vTL.dll(StreamProcess.cpp-L0531)  ProcessName:Shrimp Counting.exe(3608)     Description:GetCount[921], GetCountSucceed[921], ReceivedFrameCount[927], AbnormalFrameCount[0]     Solution:
Info    2022-08-29 16:02:18:0491  DevID:MV-CA003-21UM(00C41021506)  Source-Line:MvUsb3vTL.dll(DeviceControl.cpp-L0032)  ProcessName:Shrimp Counting.exe(3608)     Description:U3V HeartBeat End, ThreadId[6548]     Solution:
Info    2022-08-29 16:02:52:0267  DevID:MV-CA003-21UM(00C41021506)  Source-Line:MvUsb3vTL.dll(Manager.cpp-L0079)  ProcessName:Shrimp Counting.exe(10164)     Description:USB3Vision Dll, Path[C:\Users\Admin\Desktop\Hao Phuong Shrimp Counting CPU\BasicDemo\MvUsb3vTL.dll]     Solution:
Info    2022-08-29 16:02:52:0345  DevID:MV-CA003-21UM(00C41021506)  Source-Line:MvUsb3vTL.dll(DeviceControl.cpp-L0030)  ProcessName:Shrimp Counting.exe(10164)     Description:U3V HeartBeat Start, ThreadId[12560]     Solution:
Info    2022-08-29 16:02:52:0936  DevID:MV-CA003-21UM(00C41021506)  Source-Line:MvUsb3vTL.dll(StreamProcess.cpp-L1009)  ProcessName:Shrimp Counting.exe(10164)     Description:U3V StreamRecvThread Start, ThreadId[13348]     Solution:
Warning 2022-08-29 16:02:52:0955  DevID:MV-CA003-21UM(00C41021506)  Source-Line:MvUsb3vTL.dll(StreamProcess.cpp-L1389)  ProcessName:Shrimp Counting.exe(10164)     Description:Delete one Data Node     Solution:Please confirm that there is a blocking operation when you grab frame
Warning 2022-08-29 16:02:52:0960  DevID:MV-CA003-21UM(00C41021506)  Source-Line:MvUsb3vTL.dll(StreamProcess.cpp-L0849)  ProcessName:Shrimp Counting.exe(10164)     Description:[GetImageBuffer]The frame number is not continuous, PreFrameNum[0], CurFrameNum[2]     Solution:
Warning 2022-08-29 16:02:55:0039  DevID:MV-CA003-21UM(00C41021506)  Source-Line:MvUsb3vTL.dll(StreamProcess.cpp-L1389)  ProcessName:Shrimp Counting.exe(10164)     Description:Delete one Data Node     Solution:Please confirm that there is a blocking operation when you grab frame
Warning 2022-08-29 16:02:55:0044  DevID:MV-CA003-21UM(00C41021506)  Source-Line:MvUsb3vTL.dll(StreamProcess.cpp-L1389)  ProcessName:Shrimp Counting.exe(10164)     Description:Delete one Data Node     Solution:Please confirm that there is a blocking operation when you grab frame
Warning 2022-08-29 16:02:55:0049  DevID:MV-CA003-21UM(00C41021506)  Source-Line:MvUsb3vTL.dll(StreamProcess.cpp-L1389)  ProcessName:Shrimp Counting.exe(10164)     Description:Delete one Data Node     Solution:Please confirm that there is a blocking operation when you grab frame
Warning 2022-08-29 16:02:55:0055  DevID:MV-CA003-21UM(00C41021506)  Source-Line:MvUsb3vTL.dll(StreamProcess.cpp-L1389)  ProcessName:Shrimp Counting.exe(10164)     Description:Delete one Data Node     Solution:Please confirm that there is a blocking operation when you grab frame
Warning 2022-08-29 16:02:55:0059  DevID:MV-CA003-21UM(00C41021506)  Source-Line:MvUsb3vTL.dll(StreamProcess.cpp-L1389)  ProcessName:Shrimp Counting.exe(10164)     Description:Delete one Data Node     Solution:Please confirm that there is a blocking operation when you grab frame
Warning 2022-08-29 16:02:55:0064  DevID:MV-CA003-21UM(00C41021506)  Source-Line:MvUsb3vTL.dll(StreamProcess.cpp-L1389)  ProcessName:Shrimp Counting.exe(10164)     Description:Delete one Data Node     Solution:Please confirm that there is a blocking operation when you grab frame
Warning 2022-08-29 16:02:55:0069  DevID:MV-CA003-21UM(00C41021506)  Source-Line:MvUsb3vTL.dll(StreamProcess.cpp-L1389)  ProcessName:Shrimp Counting.exe(10164)     Description:Delete one Data Node     Solution:Please confirm that there is a blocking operation when you grab frame
Warning 2022-08-29 16:02:55:0074  DevID:MV-CA003-21UM(00C41021506)  Source-Line:MvUsb3vTL.dll(StreamProcess.cpp-L1389)  ProcessName:Shrimp Counting.exe(10164)     Description:Delete one Data Node     Solution:Please confirm that there is a blocking operation when you grab frame
Warning 2022-08-29 16:02:55:0079  DevID:MV-CA003-21UM(00C41021506)  Source-Line:MvUsb3vTL.dll(StreamProcess.cpp-L1389)  ProcessName:Shrimp Counting.exe(10164)     Description:Delete one Data Node     Solution:Please confirm that there is a blocking operation when you grab frame
Warning 2022-08-29 16:02:55:0085  DevID:MV-CA003-21UM(00C41021506)  Source-Line:MvUsb3vTL.dll(StreamProcess.cpp-L0849)  ProcessName:Shrimp Counting.exe(10164)     Description:[GetImageBuffer]The frame number is not continuous, PreFrameNum[417], CurFrameNum[427]     Solution:
Info    2022-08-29 16:02:57:0195  DevID:MV-CA003-21UM(00C41021506)  Source-Line:MvUsb3vTL.dll(StreamProcess.cpp-L1011)  ProcessName:Shrimp Counting.exe(10164)     Description:U3V StreamRecvThread End, ThreadId[13348]     Solution:
Info    2022-08-29 16:02:57:0297  DevID:MV-CA003-21UM(00C41021506)  Source-Line:MvUsb3vTL.dll(StreamProcess.cpp-L0531)  ProcessName:Shrimp Counting.exe(10164)     Description:GetCount[839], GetCountSucceed[839], ReceivedFrameCount[850], AbnormalFrameCount[0]     Solution:
Info    2022-08-29 16:02:58:0428  DevID:MV-CA003-21UM(00C41021506)  Source-Line:MvUsb3vTL.dll(DeviceControl.cpp-L0032)  ProcessName:Shrimp Counting.exe(10164)     Description:U3V HeartBeat End, ThreadId[12560]     Solution:
Info    2022-08-29 16:04:09:0338  DevID:MV-CA003-21UM(00C41021506)  Source-Line:MvUsb3vTL.dll(Manager.cpp-L0079)  ProcessName:Shrimp Counting.exe(10164)     Description:USB3Vision Dll, Path[C:\Users\Admin\Desktop\Hao Phuong Shrimp Counting CPU\BasicDemo\MvUsb3vTL.dll]     Solution:
Info    2022-08-29 16:04:09:0417  DevID:MV-CA003-21UM(00C41021506)  Source-Line:MvUsb3vTL.dll(DeviceControl.cpp-L0030)  ProcessName:Shrimp Counting.exe(10164)     Description:U3V HeartBeat Start, ThreadId[6900]     Solution:
Info    2022-08-29 16:04:09:0968  DevID:MV-CA003-21UM(00C41021506)  Source-Line:MvUsb3vTL.dll(StreamProcess.cpp-L1009)  ProcessName:Shrimp Counting.exe(10164)     Description:U3V StreamRecvThread Start, ThreadId[7012]     Solution:
Warning 2022-08-29 16:04:09:0986  DevID:MV-CA003-21UM(00C41021506)  Source-Line:MvUsb3vTL.dll(StreamProcess.cpp-L1389)  ProcessName:Shrimp Counting.exe(10164)     Description:Delete one Data Node     Solution:Please confirm that there is a blocking operation when you grab frame
Warning 2022-08-29 16:04:09:0992  DevID:MV-CA003-21UM(00C41021506)  Source-Line:MvUsb3vTL.dll(StreamProcess.cpp-L0849)  ProcessName:Shrimp Counting.exe(10164)     Description:[GetImageBuffer]The frame number is not continuous, PreFrameNum[0], CurFrameNum[2]     Solution:
Warning 2022-08-29 16:04:15:0622  DevID:MV-CA003-21UM(00C41021506)  Source-Line:MvUsb3vTL.dll(StreamProcess.cpp-L1389)  ProcessName:Shrimp Counting.exe(10164)     Description:Delete one Data Node     Solution:Please confirm that there is a blocking operation when you grab frame
Warning 2022-08-29 16:04:15:0627  DevID:MV-CA003-21UM(00C41021506)  Source-Line:MvUsb3vTL.dll(StreamProcess.cpp-L1389)  ProcessName:Shrimp Counting.exe(10164)     Description:Delete one Data Node     Solution:Please confirm that there is a blocking operation when you grab frame
Warning 2022-08-29 16:04:15:0632  DevID:MV-CA003-21UM(00C41021506)  Source-Line:MvUsb3vTL.dll(StreamProcess.cpp-L1389)  ProcessName:Shrimp Counting.exe(10164)     Description:Delete one Data Node     Solution:Please confirm that there is a blocking operation when you grab frame
Warning 2022-08-29 16:04:15:0637  DevID:MV-CA003-21UM(00C41021506)  Source-Line:MvUsb3vTL.dll(StreamProcess.cpp-L1389)  ProcessName:Shrimp Counting.exe(10164)     Description:Delete one Data Node     Solution:Please confirm that there is a blocking operation when you grab frame
Warning 2022-08-29 16:04:15:0642  DevID:MV-CA003-21UM(00C41021506)  Source-Line:MvUsb3vTL.dll(StreamProcess.cpp-L1389)  ProcessName:Shrimp Counting.exe(10164)     Description:Delete one Data Node     Solution:Please confirm that there is a blocking operation when you grab frame
Warning 2022-08-29 16:04:15:0647  DevID:MV-CA003-21UM(00C41021506)  Source-Line:MvUsb3vTL.dll(StreamProcess.cpp-L1389)  ProcessName:Shrimp Counting.exe(10164)     Description:Delete one Data Node     Solution:Please confirm that there is a blocking operation when you grab frame
Warning 2022-08-29 16:04:15:0652  DevID:MV-CA003-21UM(00C41021506)  Source-Line:MvUsb3vTL.dll(StreamProcess.cpp-L1389)  ProcessName:Shrimp Counting.exe(10164)     Description:Delete one Data Node     Solution:Please confirm that there is a blocking operation when you grab frame
Warning 2022-08-29 16:04:15:0657  DevID:MV-CA003-21UM(00C41021506)  Source-Line:MvUsb3vTL.dll(StreamProcess.cpp-L1389)  ProcessName:Shrimp Counting.exe(10164)     Description:Delete one Data Node     Solution:Please confirm that there is a blocking operation when you grab frame
Warning 2022-08-29 16:04:15:0662  DevID:MV-CA003-21UM(00C41021506)  Source-Line:MvUsb3vTL.dll(StreamProcess.cpp-L1389)  ProcessName:Shrimp Counting.exe(10164)     Description:Delete one Data Node     Solution:Please confirm that there is a blocking operation when you grab frame
Warning 2022-08-29 16:04:15:0667  DevID:MV-CA003-21UM(00C41021506)  Source-Line:MvUsb3vTL.dll(StreamProcess.cpp-L1389)  ProcessName:Shrimp Counting.exe(10164)     Description:Delete one Data Node     Solution:Please confirm that there is a blocking operation when you grab frame
Warning 2022-08-29 16:04:15:0671  DevID:MV-CA003-21UM(00C41021506)  Source-Line:MvUsb3vTL.dll(StreamProcess.cpp-L1389)  ProcessName:Shrimp Counting.exe(10164)     Description:Delete one Data Node     Solution:Please confirm that there is a blocking operation when you grab frame
Info    2022-08-29 16:04:15:0672  DevID:MV-CA003-21UM(00C41021506)  Source-Line:MvUsb3vTL.dll(StreamProcess.cpp-L1011)  ProcessName:Shrimp Counting.exe(10164)     Description:U3V StreamRecvThread End, ThreadId[7012]     Solution:
Info    2022-08-29 16:04:15:0774  DevID:MV-CA003-21UM(00C41021506)  Source-Line:MvUsb3vTL.dll(StreamProcess.cpp-L0531)  ProcessName:Shrimp Counting.exe(10164)     Description:GetCount[1126], GetCountSucceed[1126], ReceivedFrameCount[1139], AbnormalFrameCount[0]     Solution:
Info    2022-08-29 16:04:16:0506  DevID:MV-CA003-21UM(00C41021506)  Source-Line:MvUsb3vTL.dll(DeviceControl.cpp-L0032)  ProcessName:Shrimp Counting.exe(10164)     Description:U3V HeartBeat End, ThreadId[6900]     Solution:
Info    2022-08-29 16:04:48:0828  DevID:MV-CA003-21UM(00C41021506)  Source-Line:MvUsb3vTL.dll(Manager.cpp-L0079)  ProcessName:Shrimp Counting.exe(9916)     Description:USB3Vision Dll, Path[C:\Users\Admin\Desktop\Hao Phuong Shrimp Counting CPU\BasicDemo\MvUsb3vTL.dll]     Solution:
Info    2022-08-29 16:04:48:0907  DevID:MV-CA003-21UM(00C41021506)  Source-Line:MvUsb3vTL.dll(DeviceControl.cpp-L0030)  ProcessName:Shrimp Counting.exe(9916)     Description:U3V HeartBeat Start, ThreadId[6924]     Solution:
Info    2022-08-29 16:04:49:0574  DevID:MV-CA003-21UM(00C41021506)  Source-Line:MvUsb3vTL.dll(StreamProcess.cpp-L1009)  ProcessName:Shrimp Counting.exe(9916)     Description:U3V StreamRecvThread Start, ThreadId[7032]     Solution:
Warning 2022-08-29 16:04:49:0592  DevID:MV-CA003-21UM(00C41021506)  Source-Line:MvUsb3vTL.dll(StreamProcess.cpp-L1389)  ProcessName:Shrimp Counting.exe(9916)     Description:Delete one Data Node     Solution:Please confirm that there is a blocking operation when you grab frame
Warning 2022-08-29 16:04:49:0598  DevID:MV-CA003-21UM(00C41021506)  Source-Line:MvUsb3vTL.dll(StreamProcess.cpp-L1389)  ProcessName:Shrimp Counting.exe(9916)     Description:Delete one Data Node     Solution:Please confirm that there is a blocking operation when you grab frame
Warning 2022-08-29 16:04:49:0602  DevID:MV-CA003-21UM(00C41021506)  Source-Line:MvUsb3vTL.dll(StreamProcess.cpp-L0849)  ProcessName:Shrimp Counting.exe(9916)     Description:[GetImageBuffer]The frame number is not continuous, PreFrameNum[1], CurFrameNum[3]     Solution:
Warning 2022-08-29 16:04:50:0757  DevID:MV-CA003-21UM(00C41021506)  Source-Line:MvUsb3vTL.dll(StreamProcess.cpp-L1389)  ProcessName:Shrimp Counting.exe(9916)     Description:Delete one Data Node     Solution:Please confirm that there is a blocking operation when you grab frame
Warning 2022-08-29 16:04:50:0762  DevID:MV-CA003-21UM(00C41021506)  Source-Line:MvUsb3vTL.dll(StreamProcess.cpp-L0849)  ProcessName:Shrimp Counting.exe(9916)     Description:[GetImageBuffer]The frame number is not continuous, PreFrameNum[233], CurFrameNum[235]     Solution:
Info    2022-08-29 16:04:53:0045  DevID:MV-CA003-21UM(00C41021506)  Source-Line:MvUsb3vTL.dll(StreamProcess.cpp-L1011)  ProcessName:Shrimp Counting.exe(9916)     Description:U3V StreamRecvThread End, ThreadId[7032]     Solution:
Info    2022-08-29 16:04:53:0060  DevID:MV-CA003-21UM(00C41021506)  Source-Line:MvUsb3vTL.dll(StreamProcess.cpp-L0531)  ProcessName:Shrimp Counting.exe(9916)     Description:GetCount[665], GetCountSucceed[665], ReceivedFrameCount[668], AbnormalFrameCount[0]     Solution:
Info    2022-08-29 16:04:54:0032  DevID:MV-CA003-21UM(00C41021506)  Source-Line:MvUsb3vTL.dll(DeviceControl.cpp-L0032)  ProcessName:Shrimp Counting.exe(9916)     Description:U3V HeartBeat End, ThreadId[6924]     Solution:
Info    2022-08-30 09:00:40:0533  DevID:MV-CA003-21UM(00C41021506)  Source-Line:MvUsb3vTL.dll(Manager.cpp-L0079)  ProcessName:Shrimp Counting.exe(12600)     Description:USB3Vision Dll, Path[C:\Users\Admin\Desktop\Hao Phuong Shrimp Counting CPU\BasicDemo\MvUsb3vTL.dll]     Solution:
Info    2022-08-30 09:00:40:0612  DevID:MV-CA003-21UM(00C41021506)  Source-Line:MvUsb3vTL.dll(DeviceControl.cpp-L0030)  ProcessName:Shrimp Counting.exe(12600)     Description:U3V HeartBeat Start, ThreadId[16948]     Solution:
Info    2022-08-30 09:00:41:0720  DevID:MV-CA003-21UM(00C41021506)  Source-Line:MvUsb3vTL.dll(StreamProcess.cpp-L1009)  ProcessName:Shrimp Counting.exe(12600)     Description:U3V StreamRecvThread Start, ThreadId[16392]     Solution:
Warning 2022-08-30 09:00:41:0739  DevID:MV-CA003-21UM(00C41021506)  Source-Line:MvUsb3vTL.dll(StreamProcess.cpp-L1389)  ProcessName:Shrimp Counting.exe(12600)     Description:Delete one Data Node     Solution:Please confirm that there is a blocking operation when you grab frame
Warning 2022-08-30 09:00:41:0744  DevID:MV-CA003-21UM(00C41021506)  Source-Line:MvUsb3vTL.dll(StreamProcess.cpp-L1389)  ProcessName:Shrimp Counting.exe(12600)     Description:Delete one Data Node     Solution:Please confirm that there is a blocking operation when you grab frame
Warning 2022-08-30 09:00:41:0749  DevID:MV-CA003-21UM(00C41021506)  Source-Line:MvUsb3vTL.dll(StreamProcess.cpp-L1389)  ProcessName:Shrimp Counting.exe(12600)     Description:Delete one Data Node     Solution:Please confirm that there is a blocking operation when you grab frame
Warning 2022-08-30 09:00:41:0754  DevID:MV-CA003-21UM(00C41021506)  Source-Line:MvUsb3vTL.dll(StreamProcess.cpp-L1389)  ProcessName:Shrimp Counting.exe(12600)     Description:Delete one Data Node     Solution:Please confirm that there is a blocking operation when you grab frame
Warning 2022-08-30 09:00:41:0758  DevID:MV-CA003-21UM(00C41021506)  Source-Line:MvUsb3vTL.dll(StreamProcess.cpp-L1389)  ProcessName:Shrimp Counting.exe(12600)     Description:Delete one Data Node     Solution:Please confirm that there is a blocking operation when you grab frame
Warning 2022-08-30 09:00:41:0764  DevID:MV-CA003-21UM(00C41021506)  Source-Line:MvUsb3vTL.dll(StreamProcess.cpp-L0849)  ProcessName:Shrimp Counting.exe(12600)     Description:[GetImageBuffer]The frame number is not continuous, PreFrameNum[0], CurFrameNum[6]     Solution:
Info    2022-08-30 09:00:44:0804  DevID:MV-CA003-21UM(00C41021506)  Source-Line:MvUsb3vTL.dll(StreamProcess.cpp-L1011)  ProcessName:Shrimp Counting.exe(12600)     Description:U3V StreamRecvThread End, ThreadId[16392]     Solution:
Info    2022-08-30 09:00:44:0820  DevID:MV-CA003-21UM(00C41021506)  Source-Line:MvUsb3vTL.dll(StreamProcess.cpp-L0531)  ProcessName:Shrimp Counting.exe(12600)     Description:GetCount[587], GetCountSucceed[587], ReceivedFrameCount[592], AbnormalFrameCount[0]     Solution:
Info    2022-08-30 09:00:45:0654  DevID:MV-CA003-21UM(00C41021506)  Source-Line:MvUsb3vTL.dll(DeviceControl.cpp-L0032)  ProcessName:Shrimp Counting.exe(12600)     Description:U3V HeartBeat End, ThreadId[16948]     Solution:
Info    2022-08-30 10:01:24:0315  DevID:MV-CA003-21UM(00C41021506)  Source-Line:MvUsb3vTL.dll(Manager.cpp-L0079)  ProcessName:Shrimp Counting.exe(4788)     Description:USB3Vision Dll, Path[C:\Users\Admin\Desktop\Hao Phuong Shrimp Counting CPU\BasicDemo\MvUsb3vTL.dll]     Solution:
Info    2022-08-30 10:01:24:0393  DevID:MV-CA003-21UM(00C41021506)  Source-Line:MvUsb3vTL.dll(DeviceControl.cpp-L0030)  ProcessName:Shrimp Counting.exe(4788)     Description:U3V HeartBeat Start, ThreadId[17732]     Solution:
Info    2022-08-30 10:01:26:0414  DevID:MV-CA003-21UM(00C41021506)  Source-Line:MvUsb3vTL.dll(DeviceControl.cpp-L0032)  ProcessName:Shrimp Counting.exe(4788)     Description:U3V HeartBeat End, ThreadId[17732]     Solution:
Info    2022-08-30 10:19:45:0517  DevID:MV-CA003-21UM(00C41021506)  Source-Line:MvUsb3vTL.dll(Manager.cpp-L0079)  ProcessName:Shrimp Counting.exe(7388)     Description:USB3Vision Dll, Path[C:\Users\Admin\Desktop\Hao Phuong Shrimp Counting CPU\BasicDemo\MvUsb3vTL.dll]     Solution:
Info    2022-08-30 10:19:45:0594  DevID:MV-CA003-21UM(00C41021506)  Source-Line:MvUsb3vTL.dll(DeviceControl.cpp-L0030)  ProcessName:Shrimp Counting.exe(7388)     Description:U3V HeartBeat Start, ThreadId[15544]     Solution:
Info    2022-08-30 10:19:47:0619  DevID:MV-CA003-21UM(00C41021506)  Source-Line:MvUsb3vTL.dll(DeviceControl.cpp-L0032)  ProcessName:Shrimp Counting.exe(7388)     Description:U3V HeartBeat End, ThreadId[15544]     Solution:
